running egg_info
creating ../build/turtlebot_init_pose/turtlebot_init_pose.egg-info
writing ../build/turtlebot_init_pose/turtlebot_init_pose.egg-info/PKG-INFO
writing dependency_links to ../build/turtlebot_init_pose/turtlebot_init_pose.egg-info/dependency_links.txt
writing entry points to ../build/turtlebot_init_pose/turtlebot_init_pose.egg-info/entry_points.txt
writing requirements to ../build/turtlebot_init_pose/turtlebot_init_pose.egg-info/requires.txt
writing top-level names to ../build/turtlebot_init_pose/turtlebot_init_pose.egg-info/top_level.txt
writing manifest file '../build/turtlebot_init_pose/turtlebot_init_pose.egg-info/SOURCES.txt'
reading manifest file '../build/turtlebot_init_pose/turtlebot_init_pose.egg-info/SOURCES.txt'
writing manifest file '../build/turtlebot_init_pose/turtlebot_init_pose.egg-info/SOURCES.txt'
running build
running build_py
creating /home/rokey/2_ws/src/build/turtlebot_init_pose/build/lib/turtlebot_init_pose
copying turtlebot_init_pose/__init__.py -> /home/rokey/2_ws/src/build/turtlebot_init_pose/build/lib/turtlebot_init_pose
copying turtlebot_init_pose/initial_pose_setter.py -> /home/rokey/2_ws/src/build/turtlebot_init_pose/build/lib/turtlebot_init_pose
running install
running install_lib
creating /home/rokey/2_ws/src/install/turtlebot_init_pose/lib/python3.10/site-packages/turtlebot_init_pose
copying /home/rokey/2_ws/src/build/turtlebot_init_pose/build/lib/turtlebot_init_pose/__init__.py -> /home/rokey/2_ws/src/install/turtlebot_init_pose/lib/python3.10/site-packages/turtlebot_init_pose
copying /home/rokey/2_ws/src/build/turtlebot_init_pose/build/lib/turtlebot_init_pose/initial_pose_setter.py -> /home/rokey/2_ws/src/install/turtlebot_init_pose/lib/python3.10/site-packages/turtlebot_init_pose
byte-compiling /home/rokey/2_ws/src/install/turtlebot_init_pose/lib/python3.10/site-packages/turtlebot_init_pose/__init__.py to __init__.cpython-310.pyc
byte-compiling /home/rokey/2_ws/src/install/turtlebot_init_pose/lib/python3.10/site-packages/turtlebot_init_pose/initial_pose_setter.py to initial_pose_setter.cpython-310.pyc
running install_data
copying package.xml -> /home/rokey/2_ws/src/install/turtlebot_init_pose/share/turtlebot_init_pose
running install_egg_info
Copying ../build/turtlebot_init_pose/turtlebot_init_pose.egg-info to /home/rokey/2_ws/src/install/turtlebot_init_pose/lib/python3.10/site-packages/turtlebot_init_pose-0.0.1-py3.10.egg-info
running install_scripts
Installing initial_pose_setter script to /home/rokey/2_ws/src/install/turtlebot_init_pose/lib/turtlebot_init_pose
writing list of installed files to '/home/rokey/2_ws/src/build/turtlebot_init_pose/install.log'
