[1.735s] Invoking command in '/home/rokey/2_ws/src/turtlebot_init_pose': PYTHONPATH=/home/rokey/2_ws/src/build/turtlebot_init_pose/prefix_override:/usr/lib/python3/dist-packages/colcon_core/task/python/colcon_distutils_commands:/home/rokey/2_ws/src/install/turtlebot_init_pose/lib/python3.10/site-packages:${PYTHONPATH} /usr/bin/python3 -W ignore:setup.py install is deprecated setup.py egg_info --egg-base ../build/turtlebot_init_pose build --build-base /home/rokey/2_ws/src/build/turtlebot_init_pose/build install --record /home/rokey/2_ws/src/build/turtlebot_init_pose/install.log --single-version-externally-managed install_data
[2.090s] running egg_info
[2.132s] creating ../build/turtlebot_init_pose/turtlebot_init_pose.egg-info
[2.133s] writing ../build/turtlebot_init_pose/turtlebot_init_pose.egg-info/PKG-INFO
[2.133s] writing dependency_links to ../build/turtlebot_init_pose/turtlebot_init_pose.egg-info/dependency_links.txt
[2.134s] writing entry points to ../build/turtlebot_init_pose/turtlebot_init_pose.egg-info/entry_points.txt
[2.134s] writing requirements to ../build/turtlebot_init_pose/turtlebot_init_pose.egg-info/requires.txt
[2.135s] writing top-level names to ../build/turtlebot_init_pose/turtlebot_init_pose.egg-info/top_level.txt
[2.135s] writing manifest file '../build/turtlebot_init_pose/turtlebot_init_pose.egg-info/SOURCES.txt'
[2.204s] reading manifest file '../build/turtlebot_init_pose/turtlebot_init_pose.egg-info/SOURCES.txt'
[2.205s] writing manifest file '../build/turtlebot_init_pose/turtlebot_init_pose.egg-info/SOURCES.txt'
[2.206s] running build
[2.206s] running build_py
[2.206s] creating /home/rokey/2_ws/src/build/turtlebot_init_pose/build/lib/turtlebot_init_pose
[2.207s] copying turtlebot_init_pose/__init__.py -> /home/rokey/2_ws/src/build/turtlebot_init_pose/build/lib/turtlebot_init_pose
[2.208s] copying turtlebot_init_pose/initial_pose_setter.py -> /home/rokey/2_ws/src/build/turtlebot_init_pose/build/lib/turtlebot_init_pose
[2.208s] running install
[2.219s] running install_lib
[2.262s] creating /home/rokey/2_ws/src/install/turtlebot_init_pose/lib/python3.10/site-packages/turtlebot_init_pose
[2.263s] copying /home/rokey/2_ws/src/build/turtlebot_init_pose/build/lib/turtlebot_init_pose/__init__.py -> /home/rokey/2_ws/src/install/turtlebot_init_pose/lib/python3.10/site-packages/turtlebot_init_pose
[2.263s] copying /home/rokey/2_ws/src/build/turtlebot_init_pose/build/lib/turtlebot_init_pose/initial_pose_setter.py -> /home/rokey/2_ws/src/install/turtlebot_init_pose/lib/python3.10/site-packages/turtlebot_init_pose
[2.264s] byte-compiling /home/rokey/2_ws/src/install/turtlebot_init_pose/lib/python3.10/site-packages/turtlebot_init_pose/__init__.py to __init__.cpython-310.pyc
[2.265s] byte-compiling /home/rokey/2_ws/src/install/turtlebot_init_pose/lib/python3.10/site-packages/turtlebot_init_pose/initial_pose_setter.py to initial_pose_setter.cpython-310.pyc
[2.267s] running install_data
[2.268s] copying package.xml -> /home/rokey/2_ws/src/install/turtlebot_init_pose/share/turtlebot_init_pose
[2.268s] running install_egg_info
[2.319s] Copying ../build/turtlebot_init_pose/turtlebot_init_pose.egg-info to /home/rokey/2_ws/src/install/turtlebot_init_pose/lib/python3.10/site-packages/turtlebot_init_pose-0.0.1-py3.10.egg-info
[2.320s] running install_scripts
[2.637s] Installing initial_pose_setter script to /home/rokey/2_ws/src/install/turtlebot_init_pose/lib/turtlebot_init_pose
[2.637s] writing list of installed files to '/home/rokey/2_ws/src/build/turtlebot_init_pose/install.log'
[2.708s] Invoked command in '/home/rokey/2_ws/src/turtlebot_init_pose' returned '0': PYTHONPATH=/home/rokey/2_ws/src/build/turtlebot_init_pose/prefix_override:/usr/lib/python3/dist-packages/colcon_core/task/python/colcon_distutils_commands:/home/rokey/2_ws/src/install/turtlebot_init_pose/lib/python3.10/site-packages:${PYTHONPATH} /usr/bin/python3 -W ignore:setup.py install is deprecated setup.py egg_info --egg-base ../build/turtlebot_init_pose build --build-base /home/rokey/2_ws/src/build/turtlebot_init_pose/build install --record /home/rokey/2_ws/src/build/turtlebot_init_pose/install.log --single-version-externally-managed install_data
