[1.152s] Invoking command in '/home/rokey/2_ws/src/kitchen_gui': AMENT_PREFIX_PATH=/home/rokey/2_ws/src/install/custom_interface:${AMENT_PREFIX_PATH} CMAKE_PREFIX_PATH=/home/rokey/2_ws/src/install/custom_interface:${CMAKE_PREFIX_PATH} LD_LIBRARY_PATH=/home/rokey/2_ws/src/install/custom_interface/lib:/home/rokey/2_ws/install/custom_interface/lib:/home/rokey/ros2_ws/install/custom_interface/lib:/home/rokey/turtlebot3_ws/install/turtlebot3_msgs/lib:/home/rokey/turtlebot3_ws/install/dynamixel_sdk_custom_interfaces/lib:/home/rokey/turtlebot3_ws/install/dynamixel_sdk/lib:/usr/lib/x86_64-linux-gnu/gazebo-11/plugins:/opt/ros/humble/opt/rviz_ogre_vendor/lib:/opt/ros/humble/lib/x86_64-linux-gnu:/opt/ros/humble/lib:/usr/share/gazebo/../../lib/x86_64-linux-gnu/gazebo-11/plugins:/usr/lib/x86_64-linux-gnu/gazebo-11/plugins:/usr/share/gazebo/../../lib/x86_64-linux-gnu/gazebo-11/plugins:/usr/lib/x86_64-linux-gnu/gazebo-11/plugins:/usr/lib/x86_64-linux-gnu/gazebo-11/plugins:/usr/share/gazebo/../../lib/x86_64-linux-gnu/gazebo-11/plugins:/usr/lib/x86_64-linux-gnu/gazebo-11/plugins:/usr/lib/x86_64-linux-gnu/gazebo-11/plugins:/usr/lib/x86_64-linux-gnu/gazebo-11/plugins:/usr/share/gazebo/../../lib/x86_64-linux-gnu/gazebo-11/plugins PYTHONPATH=/home/rokey/2_ws/src/build/kitchen_gui/prefix_override:/usr/lib/python3/dist-packages/colcon_core/task/python/colcon_distutils_commands:/home/rokey/2_ws/src/install/kitchen_gui/lib/python3.10/site-packages:/home/rokey/2_ws/src/install/custom_interface/local/lib/python3.10/dist-packages:${PYTHONPATH} /usr/bin/python3 -W ignore:setup.py install is deprecated setup.py egg_info --egg-base ../build/kitchen_gui build --build-base /home/rokey/2_ws/src/build/kitchen_gui/build install --record /home/rokey/2_ws/src/build/kitchen_gui/install.log --single-version-externally-managed install_data
[1.444s] running egg_info
[1.464s] creating ../build/kitchen_gui/kitchen_gui.egg-info
[1.464s] writing ../build/kitchen_gui/kitchen_gui.egg-info/PKG-INFO
[1.464s] writing dependency_links to ../build/kitchen_gui/kitchen_gui.egg-info/dependency_links.txt
[1.465s] writing entry points to ../build/kitchen_gui/kitchen_gui.egg-info/entry_points.txt
[1.465s] writing requirements to ../build/kitchen_gui/kitchen_gui.egg-info/requires.txt
[1.465s] writing top-level names to ../build/kitchen_gui/kitchen_gui.egg-info/top_level.txt
[1.465s] writing manifest file '../build/kitchen_gui/kitchen_gui.egg-info/SOURCES.txt'
[1.506s] reading manifest file '../build/kitchen_gui/kitchen_gui.egg-info/SOURCES.txt'
[1.507s] writing manifest file '../build/kitchen_gui/kitchen_gui.egg-info/SOURCES.txt'
[1.507s] running build
[1.507s] running build_py
[1.508s] creating /home/rokey/2_ws/src/build/kitchen_gui/build/lib/kitchen_gui
[1.508s] copying kitchen_gui/__init__.py -> /home/rokey/2_ws/src/build/kitchen_gui/build/lib/kitchen_gui
[1.508s] copying kitchen_gui/kitchen_gui.py -> /home/rokey/2_ws/src/build/kitchen_gui/build/lib/kitchen_gui
[1.508s] running install
[1.513s] running install_lib
[1.534s] creating /home/rokey/2_ws/src/install/kitchen_gui/lib/python3.10/site-packages/kitchen_gui
[1.534s] copying /home/rokey/2_ws/src/build/kitchen_gui/build/lib/kitchen_gui/__init__.py -> /home/rokey/2_ws/src/install/kitchen_gui/lib/python3.10/site-packages/kitchen_gui
[1.534s] copying /home/rokey/2_ws/src/build/kitchen_gui/build/lib/kitchen_gui/kitchen_gui.py -> /home/rokey/2_ws/src/install/kitchen_gui/lib/python3.10/site-packages/kitchen_gui
[1.534s] byte-compiling /home/rokey/2_ws/src/install/kitchen_gui/lib/python3.10/site-packages/kitchen_gui/__init__.py to __init__.cpython-310.pyc
[1.535s] byte-compiling /home/rokey/2_ws/src/install/kitchen_gui/lib/python3.10/site-packages/kitchen_gui/kitchen_gui.py to kitchen_gui.cpython-310.pyc
[1.538s] running install_data
[1.539s] creating /home/rokey/2_ws/src/install/kitchen_gui/share/ament_index/resource_index/packages
[1.539s] copying resource/kitchen_gui -> /home/rokey/2_ws/src/install/kitchen_gui/share/ament_index/resource_index/packages
[1.539s] copying package.xml -> /home/rokey/2_ws/src/install/kitchen_gui/share/kitchen_gui
[1.539s] running install_egg_info
[1.561s] Copying ../build/kitchen_gui/kitchen_gui.egg-info to /home/rokey/2_ws/src/install/kitchen_gui/lib/python3.10/site-packages/kitchen_gui-0.0.1-py3.10.egg-info
[1.562s] running install_scripts
[1.730s] Installing kitchen_gui_node script to /home/rokey/2_ws/src/install/kitchen_gui/lib/kitchen_gui
[1.731s] writing list of installed files to '/home/rokey/2_ws/src/build/kitchen_gui/install.log'
[1.764s] Invoked command in '/home/rokey/2_ws/src/kitchen_gui' returned '0': AMENT_PREFIX_PATH=/home/rokey/2_ws/src/install/custom_interface:${AMENT_PREFIX_PATH} CMAKE_PREFIX_PATH=/home/rokey/2_ws/src/install/custom_interface:${CMAKE_PREFIX_PATH} LD_LIBRARY_PATH=/home/rokey/2_ws/src/install/custom_interface/lib:/home/rokey/2_ws/install/custom_interface/lib:/home/rokey/ros2_ws/install/custom_interface/lib:/home/rokey/turtlebot3_ws/install/turtlebot3_msgs/lib:/home/rokey/turtlebot3_ws/install/dynamixel_sdk_custom_interfaces/lib:/home/rokey/turtlebot3_ws/install/dynamixel_sdk/lib:/usr/lib/x86_64-linux-gnu/gazebo-11/plugins:/opt/ros/humble/opt/rviz_ogre_vendor/lib:/opt/ros/humble/lib/x86_64-linux-gnu:/opt/ros/humble/lib:/usr/share/gazebo/../../lib/x86_64-linux-gnu/gazebo-11/plugins:/usr/lib/x86_64-linux-gnu/gazebo-11/plugins:/usr/share/gazebo/../../lib/x86_64-linux-gnu/gazebo-11/plugins:/usr/lib/x86_64-linux-gnu/gazebo-11/plugins:/usr/lib/x86_64-linux-gnu/gazebo-11/plugins:/usr/share/gazebo/../../lib/x86_64-linux-gnu/gazebo-11/plugins:/usr/lib/x86_64-linux-gnu/gazebo-11/plugins:/usr/lib/x86_64-linux-gnu/gazebo-11/plugins:/usr/lib/x86_64-linux-gnu/gazebo-11/plugins:/usr/share/gazebo/../../lib/x86_64-linux-gnu/gazebo-11/plugins PYTHONPATH=/home/rokey/2_ws/src/build/kitchen_gui/prefix_override:/usr/lib/python3/dist-packages/colcon_core/task/python/colcon_distutils_commands:/home/rokey/2_ws/src/install/kitchen_gui/lib/python3.10/site-packages:/home/rokey/2_ws/src/install/custom_interface/local/lib/python3.10/dist-packages:${PYTHONPATH} /usr/bin/python3 -W ignore:setup.py install is deprecated setup.py egg_info --egg-base ../build/kitchen_gui build --build-base /home/rokey/2_ws/src/build/kitchen_gui/build install --record /home/rokey/2_ws/src/build/kitchen_gui/install.log --single-version-externally-managed install_data
