running egg_info
creating ../build/user_gui/user_gui.egg-info
writing ../build/user_gui/user_gui.egg-info/PKG-INFO
writing dependency_links to ../build/user_gui/user_gui.egg-info/dependency_links.txt
writing entry points to ../build/user_gui/user_gui.egg-info/entry_points.txt
writing requirements to ../build/user_gui/user_gui.egg-info/requires.txt
writing top-level names to ../build/user_gui/user_gui.egg-info/top_level.txt
writing manifest file '../build/user_gui/user_gui.egg-info/SOURCES.txt'
reading manifest file '../build/user_gui/user_gui.egg-info/SOURCES.txt'
writing manifest file '../build/user_gui/user_gui.egg-info/SOURCES.txt'
running build
running build_py
creating /home/rokey/2_ws/src/build/user_gui/build
creating /home/rokey/2_ws/src/build/user_gui/build/lib
creating /home/rokey/2_ws/src/build/user_gui/build/lib/user_gui
copying user_gui/__init__.py -> /home/rokey/2_ws/src/build/user_gui/build/lib/user_gui
copying user_gui/user_gui.py -> /home/rokey/2_ws/src/build/user_gui/build/lib/user_gui
running install
running install_lib
creating /home/rokey/2_ws/src/install/user_gui/lib/python3.10/site-packages/user_gui
copying /home/rokey/2_ws/src/build/user_gui/build/lib/user_gui/__init__.py -> /home/rokey/2_ws/src/install/user_gui/lib/python3.10/site-packages/user_gui
copying /home/rokey/2_ws/src/build/user_gui/build/lib/user_gui/user_gui.py -> /home/rokey/2_ws/src/install/user_gui/lib/python3.10/site-packages/user_gui
byte-compiling /home/rokey/2_ws/src/install/user_gui/lib/python3.10/site-packages/user_gui/__init__.py to __init__.cpython-310.pyc
byte-compiling /home/rokey/2_ws/src/install/user_gui/lib/python3.10/site-packages/user_gui/user_gui.py to user_gui.cpython-310.pyc
running install_data
creating /home/rokey/2_ws/src/install/user_gui/share/ament_index
creating /home/rokey/2_ws/src/install/user_gui/share/ament_index/resource_index
creating /home/rokey/2_ws/src/install/user_gui/share/ament_index/resource_index/packages
copying resource/user_gui -> /home/rokey/2_ws/src/install/user_gui/share/ament_index/resource_index/packages
copying package.xml -> /home/rokey/2_ws/src/install/user_gui/share/user_gui
creating /home/rokey/2_ws/src/install/user_gui/share/user_gui/images
copying user_gui/images/pizza.png -> /home/rokey/2_ws/src/install/user_gui/share/user_gui/images
copying user_gui/images/salad.png -> /home/rokey/2_ws/src/install/user_gui/share/user_gui/images
copying user_gui/images/call_staff.png -> /home/rokey/2_ws/src/install/user_gui/share/user_gui/images
copying user_gui/images/background.png -> /home/rokey/2_ws/src/install/user_gui/share/user_gui/images
copying user_gui/images/logo.png -> /home/rokey/2_ws/src/install/user_gui/share/user_gui/images
copying user_gui/images/cola.png -> /home/rokey/2_ws/src/install/user_gui/share/user_gui/images
copying user_gui/images/robot_return.png -> /home/rokey/2_ws/src/install/user_gui/share/user_gui/images
copying user_gui/images/pasta.png -> /home/rokey/2_ws/src/install/user_gui/share/user_gui/images
running install_egg_info
Copying ../build/user_gui/user_gui.egg-info to /home/rokey/2_ws/src/install/user_gui/lib/python3.10/site-packages/user_gui-0.0.1-py3.10.egg-info
running install_scripts
Installing gui_node script to /home/rokey/2_ws/src/install/user_gui/lib/user_gui
writing list of installed files to '/home/rokey/2_ws/src/build/user_gui/install.log'
