[1.160s] Invoking command in '/home/rokey/2_ws/src/user_gui': PYTHONPATH=/home/rokey/2_ws/src/build/user_gui/prefix_override:/usr/lib/python3/dist-packages/colcon_core/task/python/colcon_distutils_commands:/home/rokey/2_ws/src/install/user_gui/lib/python3.10/site-packages:${PYTHONPATH} /usr/bin/python3 -W ignore:setup.py install is deprecated setup.py egg_info --egg-base ../build/user_gui build --build-base /home/rokey/2_ws/src/build/user_gui/build install --record /home/rokey/2_ws/src/build/user_gui/install.log --single-version-externally-managed install_data
[1.365s] running egg_info
[1.366s] creating ../build/user_gui/user_gui.egg-info
[1.366s] writing ../build/user_gui/user_gui.egg-info/PKG-INFO
[1.366s] writing dependency_links to ../build/user_gui/user_gui.egg-info/dependency_links.txt
[1.366s] writing entry points to ../build/user_gui/user_gui.egg-info/entry_points.txt
[1.367s] writing requirements to ../build/user_gui/user_gui.egg-info/requires.txt
[1.367s] writing top-level names to ../build/user_gui/user_gui.egg-info/top_level.txt
[1.367s] writing manifest file '../build/user_gui/user_gui.egg-info/SOURCES.txt'
[1.368s] reading manifest file '../build/user_gui/user_gui.egg-info/SOURCES.txt'
[1.368s] writing manifest file '../build/user_gui/user_gui.egg-info/SOURCES.txt'
[1.368s] running build
[1.369s] running build_py
[1.369s] creating /home/rokey/2_ws/src/build/user_gui/build
[1.369s] creating /home/rokey/2_ws/src/build/user_gui/build/lib
[1.369s] creating /home/rokey/2_ws/src/build/user_gui/build/lib/user_gui
[1.369s] copying user_gui/__init__.py -> /home/rokey/2_ws/src/build/user_gui/build/lib/user_gui
[1.369s] copying user_gui/user_gui.py -> /home/rokey/2_ws/src/build/user_gui/build/lib/user_gui
[1.369s] running install
[1.369s] running install_lib
[1.370s] creating /home/rokey/2_ws/src/install/user_gui/lib/python3.10/site-packages/user_gui
[1.370s] copying /home/rokey/2_ws/src/build/user_gui/build/lib/user_gui/__init__.py -> /home/rokey/2_ws/src/install/user_gui/lib/python3.10/site-packages/user_gui
[1.370s] copying /home/rokey/2_ws/src/build/user_gui/build/lib/user_gui/user_gui.py -> /home/rokey/2_ws/src/install/user_gui/lib/python3.10/site-packages/user_gui
[1.371s] byte-compiling /home/rokey/2_ws/src/install/user_gui/lib/python3.10/site-packages/user_gui/__init__.py to __init__.cpython-310.pyc
[1.371s] byte-compiling /home/rokey/2_ws/src/install/user_gui/lib/python3.10/site-packages/user_gui/user_gui.py to user_gui.cpython-310.pyc
[1.373s] running install_data
[1.373s] creating /home/rokey/2_ws/src/install/user_gui/share/ament_index
[1.374s] creating /home/rokey/2_ws/src/install/user_gui/share/ament_index/resource_index
[1.374s] creating /home/rokey/2_ws/src/install/user_gui/share/ament_index/resource_index/packages
[1.374s] copying resource/user_gui -> /home/rokey/2_ws/src/install/user_gui/share/ament_index/resource_index/packages
[1.374s] copying package.xml -> /home/rokey/2_ws/src/install/user_gui/share/user_gui
[1.374s] creating /home/rokey/2_ws/src/install/user_gui/share/user_gui/images
[1.374s] copying user_gui/images/pizza.png -> /home/rokey/2_ws/src/install/user_gui/share/user_gui/images
[1.374s] copying user_gui/images/salad.png -> /home/rokey/2_ws/src/install/user_gui/share/user_gui/images
[1.374s] copying user_gui/images/call_staff.png -> /home/rokey/2_ws/src/install/user_gui/share/user_gui/images
[1.374s] copying user_gui/images/background.png -> /home/rokey/2_ws/src/install/user_gui/share/user_gui/images
[1.374s] copying user_gui/images/logo.png -> /home/rokey/2_ws/src/install/user_gui/share/user_gui/images
[1.375s] copying user_gui/images/cola.png -> /home/rokey/2_ws/src/install/user_gui/share/user_gui/images
[1.375s] copying user_gui/images/robot_return.png -> /home/rokey/2_ws/src/install/user_gui/share/user_gui/images
[1.375s] copying user_gui/images/pasta.png -> /home/rokey/2_ws/src/install/user_gui/share/user_gui/images
[1.375s] running install_egg_info
[1.376s] Copying ../build/user_gui/user_gui.egg-info to /home/rokey/2_ws/src/install/user_gui/lib/python3.10/site-packages/user_gui-0.0.1-py3.10.egg-info
[1.377s] running install_scripts
[1.394s] Installing gui_node script to /home/rokey/2_ws/src/install/user_gui/lib/user_gui
[1.394s] writing list of installed files to '/home/rokey/2_ws/src/build/user_gui/install.log'
[1.424s] Invoked command in '/home/rokey/2_ws/src/user_gui' returned '0': PYTHONPATH=/home/rokey/2_ws/src/build/user_gui/prefix_override:/usr/lib/python3/dist-packages/colcon_core/task/python/colcon_distutils_commands:/home/rokey/2_ws/src/install/user_gui/lib/python3.10/site-packages:${PYTHONPATH} /usr/bin/python3 -W ignore:setup.py install is deprecated setup.py egg_info --egg-base ../build/user_gui build --build-base /home/rokey/2_ws/src/build/user_gui/build install --record /home/rokey/2_ws/src/build/user_gui/install.log --single-version-externally-managed install_data
