[0.032s] Invoking command in '/home/rokey/2_ws/src/build/custom_interface': CMAKE_PREFIX_PATH=${CMAKE_PREFIX_PATH}:/home/rokey/2_ws/install/user_gui:/home/rokey/2_ws/install/turtlebot_init_pose:/home/rokey/2_ws/install/pyqt_sql_node_test:/home/rokey/2_ws/install/kitchen_gui:/home/rokey/2_ws/install/amr_gui:/home/rokey/ros2_ws/install/user_gui:/home/rokey/ros2_ws/install/pyqt_sql_node_test:/home/rokey/ros2_ws/install/kitchen_gui:/home/rokey/ros2_ws/install/amr_gui:/home/rokey/turtlebot3_ws/install/turtlebot3_teleop:/home/rokey/turtlebot3_ws/install/turtlebot3_example:/home/rokey/turtlebot3_ws/install/turtlebot3_gui:/home/rokey/turtlebot3_ws/install/turtlebot3_communication:/opt/ros/humble /usr/bin/cmake /home/rokey/2_ws/src/custom_interface -DCMAKE_INSTALL_PREFIX=/home/rokey/2_ws/src/install/custom_interface
[0.559s] -- The C compiler identification is GNU 11.4.0
[0.559s] -- The CXX compiler identification is GNU 11.4.0
[0.559s] -- Detecting C compiler ABI info
[0.559s] -- Detecting C compiler ABI info - done
[0.559s] -- Check for working C compiler: /usr/bin/cc - skipped
[0.560s] -- Detecting C compile features
[0.560s] -- Detecting C compile features - done
[0.560s] -- Detecting CXX compiler ABI info
[0.561s] -- Detecting CXX compiler ABI info - done
[0.561s] -- Check for working CXX compiler: /usr/bin/c++ - skipped
[0.561s] -- Detecting CXX compile features
[0.561s] -- Detecting CXX compile features - done
[0.561s] -- Found ament_cmake: 1.3.10 (/opt/ros/humble/share/ament_cmake/cmake)
[0.745s] -- Found Python3: /usr/bin/python3 (found version "3.10.12") found components: Interpreter 
[0.884s] -- Found builtin_interfaces: 1.2.1 (/opt/ros/humble/share/builtin_interfaces/cmake)
[0.931s] -- Found rosidl_generator_c: 3.1.5 (/opt/ros/humble/share/rosidl_generator_c/cmake)
[0.940s] -- Found rosidl_adapter: 3.1.5 (/opt/ros/humble/share/rosidl_adapter/cmake)
[0.956s] -- Found rosidl_generator_cpp: 3.1.5 (/opt/ros/humble/share/rosidl_generator_cpp/cmake)
[0.973s] -- Using all available rosidl_typesupport_c: rosidl_typesupport_fastrtps_c;rosidl_typesupport_introspection_c
[1.009s] -- Using all available rosidl_typesupport_cpp: rosidl_typesupport_fastrtps_cpp;rosidl_typesupport_introspection_cpp
[1.054s] -- Found rosidl_default_generators: 1.2.0 (/opt/ros/humble/share/rosidl_default_generators/cmake)
[1.527s] -- Found ament_cmake_ros: 0.10.0 (/opt/ros/humble/share/ament_cmake_ros/cmake)
[2.004s] -- Using all available rosidl_typesupport_c: rosidl_typesupport_fastrtps_c;rosidl_typesupport_introspection_c
[2.199s] -- Using all available rosidl_typesupport_cpp: rosidl_typesupport_fastrtps_cpp;rosidl_typesupport_introspection_cpp
[2.241s] -- Found PythonInterp: /usr/bin/python3 (found suitable version "3.10.12", minimum required is "3.6") 
[2.249s] -- Found python_cmake_module: 0.10.0 (/opt/ros/humble/share/python_cmake_module/cmake)
[2.322s] -- Found PythonLibs: /usr/lib/x86_64-linux-gnu/libpython3.10.so (found suitable version "3.10.12", minimum required is "3.5") 
[2.323s] -- Using PYTHON_EXECUTABLE: /usr/bin/python3
[2.323s] -- Using PYTHON_INCLUDE_DIRS: /usr/include/python3.10
[2.323s] -- Using PYTHON_LIBRARIES: /usr/lib/x86_64-linux-gnu/libpython3.10.so
[2.379s] -- Found PythonExtra: .so  
[2.486s] -- Found ament_lint_auto: 0.12.11 (/opt/ros/humble/share/ament_lint_auto/cmake)
[2.548s] -- Added test 'lint_cmake' to check CMake code style
[2.550s] -- Added test 'xmllint' to check XML markup files
[2.557s] -- Configuring done
[2.612s] -- Generating done
[2.617s] -- Build files have been written to: /home/rokey/2_ws/src/build/custom_interface
[2.630s] Invoked command in '/home/rokey/2_ws/src/build/custom_interface' returned '0': CMAKE_PREFIX_PATH=${CMAKE_PREFIX_PATH}:/home/rokey/2_ws/install/user_gui:/home/rokey/2_ws/install/turtlebot_init_pose:/home/rokey/2_ws/install/pyqt_sql_node_test:/home/rokey/2_ws/install/kitchen_gui:/home/rokey/2_ws/install/amr_gui:/home/rokey/ros2_ws/install/user_gui:/home/rokey/ros2_ws/install/pyqt_sql_node_test:/home/rokey/ros2_ws/install/kitchen_gui:/home/rokey/ros2_ws/install/amr_gui:/home/rokey/turtlebot3_ws/install/turtlebot3_teleop:/home/rokey/turtlebot3_ws/install/turtlebot3_example:/home/rokey/turtlebot3_ws/install/turtlebot3_gui:/home/rokey/turtlebot3_ws/install/turtlebot3_communication:/opt/ros/humble /usr/bin/cmake /home/rokey/2_ws/src/custom_interface -DCMAKE_INSTALL_PREFIX=/home/rokey/2_ws/src/install/custom_interface
[2.635s] Invoking command in '/home/rokey/2_ws/src/build/custom_interface': CMAKE_PREFIX_PATH=${CMAKE_PREFIX_PATH}:/home/rokey/2_ws/install/user_gui:/home/rokey/2_ws/install/turtlebot_init_pose:/home/rokey/2_ws/install/pyqt_sql_node_test:/home/rokey/2_ws/install/kitchen_gui:/home/rokey/2_ws/install/amr_gui:/home/rokey/ros2_ws/install/user_gui:/home/rokey/ros2_ws/install/pyqt_sql_node_test:/home/rokey/ros2_ws/install/kitchen_gui:/home/rokey/ros2_ws/install/amr_gui:/home/rokey/turtlebot3_ws/install/turtlebot3_teleop:/home/rokey/turtlebot3_ws/install/turtlebot3_example:/home/rokey/turtlebot3_ws/install/turtlebot3_gui:/home/rokey/turtlebot3_ws/install/turtlebot3_communication:/opt/ros/humble /usr/bin/cmake --build /home/rokey/2_ws/src/build/custom_interface -- -j8 -l8
[2.682s] [  3%] [34m[1mGenerating C code for ROS interfaces[0m
[2.700s] [  6%] [34m[1mGenerating C++ code for ROS interfaces[0m
[2.711s] [  6%] Built target ament_cmake_python_copy_custom_interface
[3.045s] running egg_info
[3.070s] creating custom_interface.egg-info
[3.070s] writing custom_interface.egg-info/PKG-INFO
[3.071s] writing dependency_links to custom_interface.egg-info/dependency_links.txt
[3.071s] writing top-level names to custom_interface.egg-info/top_level.txt
[3.072s] writing manifest file 'custom_interface.egg-info/SOURCES.txt'
[3.093s] [  6%] Built target custom_interface__cpp
[3.097s] [  9%] [32mBuilding C object CMakeFiles/custom_interface__rosidl_generator_c.dir/rosidl_generator_c/custom_interface/srv/detail/order__functions.c.o[0m
[3.114s] [ 16%] [34m[1mGenerating C++ type support dispatch for ROS interfaces[0m
[3.114s] [ 16%] [34m[1mGenerating C++ type support for eProsima Fast-RTPS[0m
[3.118s] [ 19%] [34m[1mGenerating C++ introspection for ROS interfaces[0m
[3.181s] reading manifest file 'custom_interface.egg-info/SOURCES.txt'
[3.183s] writing manifest file 'custom_interface.egg-info/SOURCES.txt'
[3.229s] [ 19%] Built target ament_cmake_python_build_custom_interface_egg
[3.235s] [ 22%] [32m[1mLinking C shared library libcustom_interface__rosidl_generator_c.so[0m
[3.280s] [ 22%] Built target custom_interface__rosidl_generator_c
[3.292s] [ 25%] [34m[1mGenerating C type support dispatch for ROS interfaces[0m
[3.295s] [ 29%] [34m[1mGenerating C type support for eProsima Fast-RTPS[0m
[3.296s] [ 32%] [34m[1mGenerating C introspection for ROS interfaces[0m
[3.456s] [ 35%] [32mBuilding CXX object CMakeFiles/custom_interface__rosidl_typesupport_cpp.dir/rosidl_typesupport_cpp/custom_interface/srv/order__type_support.cpp.o[0m
[3.500s] [ 38%] [32mBuilding CXX object CMakeFiles/custom_interface__rosidl_typesupport_fastrtps_cpp.dir/rosidl_typesupport_fastrtps_cpp/custom_interface/srv/detail/dds_fastrtps/order__type_support.cpp.o[0m
[3.654s] [ 41%] [32mBuilding CXX object CMakeFiles/custom_interface__rosidl_typesupport_introspection_cpp.dir/rosidl_typesupport_introspection_cpp/custom_interface/srv/detail/order__type_support.cpp.o[0m
[3.758s] [ 45%] [32m[1mLinking CXX shared library libcustom_interface__rosidl_typesupport_cpp.so[0m
[3.791s] [ 48%] [32mBuilding CXX object CMakeFiles/custom_interface__rosidl_typesupport_c.dir/rosidl_typesupport_c/custom_interface/srv/order__type_support.cpp.o[0m
[3.814s] [ 48%] Built target custom_interface__rosidl_typesupport_cpp
[3.822s] [ 51%] [32mBuilding C object CMakeFiles/custom_interface__rosidl_typesupport_introspection_c.dir/rosidl_typesupport_introspection_c/custom_interface/srv/detail/order__type_support.c.o[0m
[3.832s] [ 54%] [32m[1mLinking CXX shared library libcustom_interface__rosidl_typesupport_c.so[0m
[3.849s] [ 58%] [32mBuilding CXX object CMakeFiles/custom_interface__rosidl_typesupport_fastrtps_c.dir/rosidl_typesupport_fastrtps_c/custom_interface/srv/detail/order__type_support_c.cpp.o[0m
[3.876s] [ 61%] [32m[1mLinking C shared library libcustom_interface__rosidl_typesupport_introspection_c.so[0m
[3.886s] [ 61%] Built target custom_interface__rosidl_typesupport_c
[3.908s] [ 61%] Built target custom_interface__rosidl_typesupport_introspection_c
[4.008s] [ 64%] [32m[1mLinking CXX shared library libcustom_interface__rosidl_typesupport_fastrtps_cpp.so[0m
[4.097s] [ 64%] Built target custom_interface__rosidl_typesupport_fastrtps_cpp
[4.156s] [ 67%] [32m[1mLinking CXX shared library libcustom_interface__rosidl_typesupport_introspection_cpp.so[0m
[4.214s] [ 70%] [32m[1mLinking CXX shared library libcustom_interface__rosidl_typesupport_fastrtps_c.so[0m
[4.235s] [ 70%] Built target custom_interface__rosidl_typesupport_introspection_cpp
[4.288s] [ 70%] Built target custom_interface__rosidl_typesupport_fastrtps_c
[4.308s] [ 70%] Built target custom_interface
[4.327s] [ 74%] [34m[1mGenerating Python code for ROS interfaces[0m
[4.714s] [ 74%] Built target custom_interface__py
[4.733s] [ 77%] [32mBuilding C object CMakeFiles/custom_interface__rosidl_generator_py.dir/rosidl_generator_py/custom_interface/srv/_order_s.c.o[0m
[4.842s] [ 80%] [32m[1mLinking C shared library rosidl_generator_py/custom_interface/libcustom_interface__rosidl_generator_py.so[0m
[4.878s] [ 80%] Built target custom_interface__rosidl_generator_py
[4.897s] [ 90%] [32mBuilding C object CMakeFiles/custom_interface__rosidl_typesupport_c__pyext.dir/rosidl_generator_py/custom_interface/_custom_interface_s.ep.rosidl_typesupport_c.c.o[0m
[4.898s] [ 90%] [32mBuilding C object CMakeFiles/custom_interface__rosidl_typesupport_fastrtps_c__pyext.dir/rosidl_generator_py/custom_interface/_custom_interface_s.ep.rosidl_typesupport_fastrtps_c.c.o[0m
[4.898s] [ 90%] [32mBuilding C object CMakeFiles/custom_interface__rosidl_typesupport_introspection_c__pyext.dir/rosidl_generator_py/custom_interface/_custom_interface_s.ep.rosidl_typesupport_introspection_c.c.o[0m
[4.991s] [100%] [32m[1mLinking C shared library rosidl_generator_py/custom_interface/custom_interface_s__rosidl_typesupport_fastrtps_c.cpython-310-x86_64-linux-gnu.so[0m
[4.991s] [100%] [32m[1mLinking C shared library rosidl_generator_py/custom_interface/custom_interface_s__rosidl_typesupport_c.cpython-310-x86_64-linux-gnu.so[0m
[4.991s] [100%] [32m[1mLinking C shared library rosidl_generator_py/custom_interface/custom_interface_s__rosidl_typesupport_introspection_c.cpython-310-x86_64-linux-gnu.so[0m
[5.025s] [100%] Built target custom_interface__rosidl_typesupport_fastrtps_c__pyext
[5.025s] [100%] Built target custom_interface__rosidl_typesupport_introspection_c__pyext
[5.025s] [100%] Built target custom_interface__rosidl_typesupport_c__pyext
[5.035s] Invoked command in '/home/rokey/2_ws/src/build/custom_interface' returned '0': CMAKE_PREFIX_PATH=${CMAKE_PREFIX_PATH}:/home/rokey/2_ws/install/user_gui:/home/rokey/2_ws/install/turtlebot_init_pose:/home/rokey/2_ws/install/pyqt_sql_node_test:/home/rokey/2_ws/install/kitchen_gui:/home/rokey/2_ws/install/amr_gui:/home/rokey/ros2_ws/install/user_gui:/home/rokey/ros2_ws/install/pyqt_sql_node_test:/home/rokey/ros2_ws/install/kitchen_gui:/home/rokey/ros2_ws/install/amr_gui:/home/rokey/turtlebot3_ws/install/turtlebot3_teleop:/home/rokey/turtlebot3_ws/install/turtlebot3_example:/home/rokey/turtlebot3_ws/install/turtlebot3_gui:/home/rokey/turtlebot3_ws/install/turtlebot3_communication:/opt/ros/humble /usr/bin/cmake --build /home/rokey/2_ws/src/build/custom_interface -- -j8 -l8
[5.100s] Invoking command in '/home/rokey/2_ws/src/build/custom_interface': CMAKE_PREFIX_PATH=${CMAKE_PREFIX_PATH}:/home/rokey/2_ws/install/user_gui:/home/rokey/2_ws/install/turtlebot_init_pose:/home/rokey/2_ws/install/pyqt_sql_node_test:/home/rokey/2_ws/install/kitchen_gui:/home/rokey/2_ws/install/amr_gui:/home/rokey/ros2_ws/install/user_gui:/home/rokey/ros2_ws/install/pyqt_sql_node_test:/home/rokey/ros2_ws/install/kitchen_gui:/home/rokey/ros2_ws/install/amr_gui:/home/rokey/turtlebot3_ws/install/turtlebot3_teleop:/home/rokey/turtlebot3_ws/install/turtlebot3_example:/home/rokey/turtlebot3_ws/install/turtlebot3_gui:/home/rokey/turtlebot3_ws/install/turtlebot3_communication:/opt/ros/humble /usr/bin/cmake --install /home/rokey/2_ws/src/build/custom_interface
[5.108s] -- Install configuration: ""
[5.108s] -- Installing: /home/rokey/2_ws/src/install/custom_interface/share/ament_index/resource_index/rosidl_interfaces/custom_interface
[5.108s] -- Installing: /home/rokey/2_ws/src/install/custom_interface/include/custom_interface/custom_interface
[5.109s] -- Installing: /home/rokey/2_ws/src/install/custom_interface/include/custom_interface/custom_interface/srv
[5.109s] -- Installing: /home/rokey/2_ws/src/install/custom_interface/include/custom_interface/custom_interface/srv/order.h
[5.109s] -- Installing: /home/rokey/2_ws/src/install/custom_interface/include/custom_interface/custom_interface/srv/detail
[5.109s] -- Installing: /home/rokey/2_ws/src/install/custom_interface/include/custom_interface/custom_interface/srv/detail/order__functions.c
[5.109s] -- Installing: /home/rokey/2_ws/src/install/custom_interface/include/custom_interface/custom_interface/srv/detail/order__struct.h
[5.109s] -- Installing: /home/rokey/2_ws/src/install/custom_interface/include/custom_interface/custom_interface/srv/detail/order__functions.h
[5.109s] -- Installing: /home/rokey/2_ws/src/install/custom_interface/include/custom_interface/custom_interface/srv/detail/order__type_support.h
[5.109s] -- Installing: /home/rokey/2_ws/src/install/custom_interface/include/custom_interface/custom_interface/msg
[5.109s] -- Installing: /home/rokey/2_ws/src/install/custom_interface/include/custom_interface/custom_interface/msg/rosidl_generator_c__visibility_control.h
[5.109s] -- Installing: /home/rokey/2_ws/src/install/custom_interface/share/custom_interface/environment/library_path.sh
[5.109s] -- Installing: /home/rokey/2_ws/src/install/custom_interface/share/custom_interface/environment/library_path.dsv
[5.109s] -- Installing: /home/rokey/2_ws/src/install/custom_interface/lib/libcustom_interface__rosidl_generator_c.so
[5.110s] -- Set runtime path of "/home/rokey/2_ws/src/install/custom_interface/lib/libcustom_interface__rosidl_generator_c.so" to ""
[5.110s] -- Up-to-date: /home/rokey/2_ws/src/install/custom_interface/include/custom_interface/custom_interface
[5.110s] -- Up-to-date: /home/rokey/2_ws/src/install/custom_interface/include/custom_interface/custom_interface/srv
[5.110s] -- Up-to-date: /home/rokey/2_ws/src/install/custom_interface/include/custom_interface/custom_interface/srv/detail
[5.110s] -- Installing: /home/rokey/2_ws/src/install/custom_interface/include/custom_interface/custom_interface/srv/detail/order__rosidl_typesupport_fastrtps_c.h
[5.110s] -- Up-to-date: /home/rokey/2_ws/src/install/custom_interface/include/custom_interface/custom_interface/msg
[5.110s] -- Installing: /home/rokey/2_ws/src/install/custom_interface/include/custom_interface/custom_interface/msg/rosidl_typesupport_fastrtps_c__visibility_control.h
[5.110s] -- Installing: /home/rokey/2_ws/src/install/custom_interface/lib/libcustom_interface__rosidl_typesupport_fastrtps_c.so
[5.111s] -- Set runtime path of "/home/rokey/2_ws/src/install/custom_interface/lib/libcustom_interface__rosidl_typesupport_fastrtps_c.so" to ""
[5.111s] -- Up-to-date: /home/rokey/2_ws/src/install/custom_interface/include/custom_interface/custom_interface
[5.111s] -- Up-to-date: /home/rokey/2_ws/src/install/custom_interface/include/custom_interface/custom_interface/srv
[5.111s] -- Installing: /home/rokey/2_ws/src/install/custom_interface/include/custom_interface/custom_interface/srv/order.hpp
[5.111s] -- Up-to-date: /home/rokey/2_ws/src/install/custom_interface/include/custom_interface/custom_interface/srv/detail
[5.111s] -- Installing: /home/rokey/2_ws/src/install/custom_interface/include/custom_interface/custom_interface/srv/detail/order__struct.hpp
[5.111s] -- Installing: /home/rokey/2_ws/src/install/custom_interface/include/custom_interface/custom_interface/srv/detail/order__traits.hpp
[5.111s] -- Installing: /home/rokey/2_ws/src/install/custom_interface/include/custom_interface/custom_interface/srv/detail/order__builder.hpp
[5.111s] -- Up-to-date: /home/rokey/2_ws/src/install/custom_interface/include/custom_interface/custom_interface
[5.111s] -- Up-to-date: /home/rokey/2_ws/src/install/custom_interface/include/custom_interface/custom_interface/srv
[5.112s] -- Up-to-date: /home/rokey/2_ws/src/install/custom_interface/include/custom_interface/custom_interface/srv/detail
[5.112s] -- Installing: /home/rokey/2_ws/src/install/custom_interface/include/custom_interface/custom_interface/srv/detail/dds_fastrtps
[5.112s] -- Installing: /home/rokey/2_ws/src/install/custom_interface/include/custom_interface/custom_interface/srv/detail/order__rosidl_typesupport_fastrtps_cpp.hpp
[5.112s] -- Up-to-date: /home/rokey/2_ws/src/install/custom_interface/include/custom_interface/custom_interface/msg
[5.112s] -- Installing: /home/rokey/2_ws/src/install/custom_interface/include/custom_interface/custom_interface/msg/rosidl_typesupport_fastrtps_cpp__visibility_control.h
[5.112s] -- Installing: /home/rokey/2_ws/src/install/custom_interface/lib/libcustom_interface__rosidl_typesupport_fastrtps_cpp.so
[5.112s] -- Set runtime path of "/home/rokey/2_ws/src/install/custom_interface/lib/libcustom_interface__rosidl_typesupport_fastrtps_cpp.so" to ""
[5.112s] -- Up-to-date: /home/rokey/2_ws/src/install/custom_interface/include/custom_interface/custom_interface
[5.112s] -- Up-to-date: /home/rokey/2_ws/src/install/custom_interface/include/custom_interface/custom_interface/srv
[5.112s] -- Up-to-date: /home/rokey/2_ws/src/install/custom_interface/include/custom_interface/custom_interface/srv/detail
[5.112s] -- Installing: /home/rokey/2_ws/src/install/custom_interface/include/custom_interface/custom_interface/srv/detail/order__type_support.c
[5.113s] -- Installing: /home/rokey/2_ws/src/install/custom_interface/include/custom_interface/custom_interface/srv/detail/order__rosidl_typesupport_introspection_c.h
[5.113s] -- Up-to-date: /home/rokey/2_ws/src/install/custom_interface/include/custom_interface/custom_interface/msg
[5.113s] -- Installing: /home/rokey/2_ws/src/install/custom_interface/include/custom_interface/custom_interface/msg/rosidl_typesupport_introspection_c__visibility_control.h
[5.113s] -- Installing: /home/rokey/2_ws/src/install/custom_interface/lib/libcustom_interface__rosidl_typesupport_introspection_c.so
[5.113s] -- Set runtime path of "/home/rokey/2_ws/src/install/custom_interface/lib/libcustom_interface__rosidl_typesupport_introspection_c.so" to ""
[5.113s] -- Installing: /home/rokey/2_ws/src/install/custom_interface/lib/libcustom_interface__rosidl_typesupport_c.so
[5.113s] -- Set runtime path of "/home/rokey/2_ws/src/install/custom_interface/lib/libcustom_interface__rosidl_typesupport_c.so" to ""
[5.113s] -- Up-to-date: /home/rokey/2_ws/src/install/custom_interface/include/custom_interface/custom_interface
[5.113s] -- Up-to-date: /home/rokey/2_ws/src/install/custom_interface/include/custom_interface/custom_interface/srv
[5.114s] -- Up-to-date: /home/rokey/2_ws/src/install/custom_interface/include/custom_interface/custom_interface/srv/detail
[5.114s] -- Installing: /home/rokey/2_ws/src/install/custom_interface/include/custom_interface/custom_interface/srv/detail/order__type_support.cpp
[5.114s] -- Installing: /home/rokey/2_ws/src/install/custom_interface/include/custom_interface/custom_interface/srv/detail/order__rosidl_typesupport_introspection_cpp.hpp
[5.114s] -- Installing: /home/rokey/2_ws/src/install/custom_interface/lib/libcustom_interface__rosidl_typesupport_introspection_cpp.so
[5.114s] -- Set runtime path of "/home/rokey/2_ws/src/install/custom_interface/lib/libcustom_interface__rosidl_typesupport_introspection_cpp.so" to ""
[5.114s] -- Installing: /home/rokey/2_ws/src/install/custom_interface/lib/libcustom_interface__rosidl_typesupport_cpp.so
[5.114s] -- Set runtime path of "/home/rokey/2_ws/src/install/custom_interface/lib/libcustom_interface__rosidl_typesupport_cpp.so" to ""
[5.114s] -- Installing: /home/rokey/2_ws/src/install/custom_interface/share/custom_interface/environment/pythonpath.sh
[5.114s] -- Installing: /home/rokey/2_ws/src/install/custom_interface/share/custom_interface/environment/pythonpath.dsv
[5.114s] -- Installing: /home/rokey/2_ws/src/install/custom_interface/local/lib/python3.10/dist-packages/custom_interface-0.0.0-py3.10.egg-info
[5.114s] -- Installing: /home/rokey/2_ws/src/install/custom_interface/local/lib/python3.10/dist-packages/custom_interface-0.0.0-py3.10.egg-info/dependency_links.txt
[5.115s] -- Installing: /home/rokey/2_ws/src/install/custom_interface/local/lib/python3.10/dist-packages/custom_interface-0.0.0-py3.10.egg-info/SOURCES.txt
[5.115s] -- Installing: /home/rokey/2_ws/src/install/custom_interface/local/lib/python3.10/dist-packages/custom_interface-0.0.0-py3.10.egg-info/top_level.txt
[5.115s] -- Installing: /home/rokey/2_ws/src/install/custom_interface/local/lib/python3.10/dist-packages/custom_interface-0.0.0-py3.10.egg-info/PKG-INFO
[5.115s] -- Installing: /home/rokey/2_ws/src/install/custom_interface/local/lib/python3.10/dist-packages/custom_interface
[5.115s] -- Installing: /home/rokey/2_ws/src/install/custom_interface/local/lib/python3.10/dist-packages/custom_interface/__init__.py
[5.115s] -- Installing: /home/rokey/2_ws/src/install/custom_interface/local/lib/python3.10/dist-packages/custom_interface/custom_interface_s__rosidl_typesupport_c.cpython-310-x86_64-linux-gnu.so
[5.115s] -- Installing: /home/rokey/2_ws/src/install/custom_interface/local/lib/python3.10/dist-packages/custom_interface/_custom_interface_s.ep.rosidl_typesupport_c.c
[5.115s] -- Installing: /home/rokey/2_ws/src/install/custom_interface/local/lib/python3.10/dist-packages/custom_interface/_custom_interface_s.ep.rosidl_typesupport_introspection_c.c
[5.115s] -- Installing: /home/rokey/2_ws/src/install/custom_interface/local/lib/python3.10/dist-packages/custom_interface/srv
[5.115s] -- Installing: /home/rokey/2_ws/src/install/custom_interface/local/lib/python3.10/dist-packages/custom_interface/srv/__init__.py
[5.115s] -- Installing: /home/rokey/2_ws/src/install/custom_interface/local/lib/python3.10/dist-packages/custom_interface/srv/_order.py
[5.116s] -- Installing: /home/rokey/2_ws/src/install/custom_interface/local/lib/python3.10/dist-packages/custom_interface/srv/_order_s.c
[5.116s] -- Installing: /home/rokey/2_ws/src/install/custom_interface/local/lib/python3.10/dist-packages/custom_interface/libcustom_interface__rosidl_generator_py.so
[5.116s] -- Installing: /home/rokey/2_ws/src/install/custom_interface/local/lib/python3.10/dist-packages/custom_interface/_custom_interface_s.ep.rosidl_typesupport_fastrtps_c.c
[5.116s] -- Installing: /home/rokey/2_ws/src/install/custom_interface/local/lib/python3.10/dist-packages/custom_interface/custom_interface_s__rosidl_typesupport_introspection_c.cpython-310-x86_64-linux-gnu.so
[5.116s] -- Installing: /home/rokey/2_ws/src/install/custom_interface/local/lib/python3.10/dist-packages/custom_interface/custom_interface_s__rosidl_typesupport_fastrtps_c.cpython-310-x86_64-linux-gnu.so
[5.156s] Listing '/home/rokey/2_ws/src/install/custom_interface/local/lib/python3.10/dist-packages/custom_interface'...
[5.156s] Compiling '/home/rokey/2_ws/src/install/custom_interface/local/lib/python3.10/dist-packages/custom_interface/__init__.py'...
[5.156s] Listing '/home/rokey/2_ws/src/install/custom_interface/local/lib/python3.10/dist-packages/custom_interface/srv'...
[5.156s] Compiling '/home/rokey/2_ws/src/install/custom_interface/local/lib/python3.10/dist-packages/custom_interface/srv/__init__.py'...
[5.156s] Compiling '/home/rokey/2_ws/src/install/custom_interface/local/lib/python3.10/dist-packages/custom_interface/srv/_order.py'...
[5.161s] -- Installing: /home/rokey/2_ws/src/install/custom_interface/local/lib/python3.10/dist-packages/custom_interface/custom_interface_s__rosidl_typesupport_fastrtps_c.cpython-310-x86_64-linux-gnu.so
[5.161s] -- Set runtime path of "/home/rokey/2_ws/src/install/custom_interface/local/lib/python3.10/dist-packages/custom_interface/custom_interface_s__rosidl_typesupport_fastrtps_c.cpython-310-x86_64-linux-gnu.so" to ""
[5.161s] -- Installing: /home/rokey/2_ws/src/install/custom_interface/local/lib/python3.10/dist-packages/custom_interface/custom_interface_s__rosidl_typesupport_introspection_c.cpython-310-x86_64-linux-gnu.so
[5.162s] -- Set runtime path of "/home/rokey/2_ws/src/install/custom_interface/local/lib/python3.10/dist-packages/custom_interface/custom_interface_s__rosidl_typesupport_introspection_c.cpython-310-x86_64-linux-gnu.so" to ""
[5.162s] -- Installing: /home/rokey/2_ws/src/install/custom_interface/local/lib/python3.10/dist-packages/custom_interface/custom_interface_s__rosidl_typesupport_c.cpython-310-x86_64-linux-gnu.so
[5.162s] -- Set runtime path of "/home/rokey/2_ws/src/install/custom_interface/local/lib/python3.10/dist-packages/custom_interface/custom_interface_s__rosidl_typesupport_c.cpython-310-x86_64-linux-gnu.so" to ""
[5.162s] -- Installing: /home/rokey/2_ws/src/install/custom_interface/lib/libcustom_interface__rosidl_generator_py.so
[5.163s] -- Set runtime path of "/home/rokey/2_ws/src/install/custom_interface/lib/libcustom_interface__rosidl_generator_py.so" to ""
[5.163s] -- Installing: /home/rokey/2_ws/src/install/custom_interface/share/custom_interface/srv/Order.idl
[5.163s] -- Installing: /home/rokey/2_ws/src/install/custom_interface/share/custom_interface/srv/Order.srv
[5.163s] -- Installing: /home/rokey/2_ws/src/install/custom_interface/share/custom_interface/srv/Order_Request.msg
[5.163s] -- Installing: /home/rokey/2_ws/src/install/custom_interface/share/custom_interface/srv/Order_Response.msg
[5.163s] -- Installing: /home/rokey/2_ws/src/install/custom_interface/share/ament_index/resource_index/package_run_dependencies/custom_interface
[5.163s] -- Installing: /home/rokey/2_ws/src/install/custom_interface/share/ament_index/resource_index/parent_prefix_path/custom_interface
[5.163s] -- Installing: /home/rokey/2_ws/src/install/custom_interface/share/custom_interface/environment/ament_prefix_path.sh
[5.164s] -- Installing: /home/rokey/2_ws/src/install/custom_interface/share/custom_interface/environment/ament_prefix_path.dsv
[5.164s] -- Installing: /home/rokey/2_ws/src/install/custom_interface/share/custom_interface/environment/path.sh
[5.164s] -- Installing: /home/rokey/2_ws/src/install/custom_interface/share/custom_interface/environment/path.dsv
[5.164s] -- Installing: /home/rokey/2_ws/src/install/custom_interface/share/custom_interface/local_setup.bash
[5.164s] -- Installing: /home/rokey/2_ws/src/install/custom_interface/share/custom_interface/local_setup.sh
[5.164s] -- Installing: /home/rokey/2_ws/src/install/custom_interface/share/custom_interface/local_setup.zsh
[5.164s] -- Installing: /home/rokey/2_ws/src/install/custom_interface/share/custom_interface/local_setup.dsv
[5.164s] -- Installing: /home/rokey/2_ws/src/install/custom_interface/share/custom_interface/package.dsv
[5.164s] -- Installing: /home/rokey/2_ws/src/install/custom_interface/share/ament_index/resource_index/packages/custom_interface
[5.164s] -- Installing: /home/rokey/2_ws/src/install/custom_interface/share/custom_interface/cmake/export_custom_interface__rosidl_generator_cExport.cmake
[5.165s] -- Installing: /home/rokey/2_ws/src/install/custom_interface/share/custom_interface/cmake/export_custom_interface__rosidl_generator_cExport-noconfig.cmake
[5.165s] -- Installing: /home/rokey/2_ws/src/install/custom_interface/share/custom_interface/cmake/export_custom_interface__rosidl_typesupport_fastrtps_cExport.cmake
[5.165s] -- Installing: /home/rokey/2_ws/src/install/custom_interface/share/custom_interface/cmake/export_custom_interface__rosidl_typesupport_fastrtps_cExport-noconfig.cmake
[5.165s] -- Installing: /home/rokey/2_ws/src/install/custom_interface/share/custom_interface/cmake/export_custom_interface__rosidl_generator_cppExport.cmake
[5.165s] -- Installing: /home/rokey/2_ws/src/install/custom_interface/share/custom_interface/cmake/export_custom_interface__rosidl_typesupport_fastrtps_cppExport.cmake
[5.165s] -- Installing: /home/rokey/2_ws/src/install/custom_interface/share/custom_interface/cmake/export_custom_interface__rosidl_typesupport_fastrtps_cppExport-noconfig.cmake
[5.165s] -- Installing: /home/rokey/2_ws/src/install/custom_interface/share/custom_interface/cmake/custom_interface__rosidl_typesupport_introspection_cExport.cmake
[5.165s] -- Installing: /home/rokey/2_ws/src/install/custom_interface/share/custom_interface/cmake/custom_interface__rosidl_typesupport_introspection_cExport-noconfig.cmake
[5.165s] -- Installing: /home/rokey/2_ws/src/install/custom_interface/share/custom_interface/cmake/custom_interface__rosidl_typesupport_cExport.cmake
[5.165s] -- Installing: /home/rokey/2_ws/src/install/custom_interface/share/custom_interface/cmake/custom_interface__rosidl_typesupport_cExport-noconfig.cmake
[5.166s] -- Installing: /home/rokey/2_ws/src/install/custom_interface/share/custom_interface/cmake/custom_interface__rosidl_typesupport_introspection_cppExport.cmake
[5.166s] -- Installing: /home/rokey/2_ws/src/install/custom_interface/share/custom_interface/cmake/custom_interface__rosidl_typesupport_introspection_cppExport-noconfig.cmake
[5.166s] -- Installing: /home/rokey/2_ws/src/install/custom_interface/share/custom_interface/cmake/custom_interface__rosidl_typesupport_cppExport.cmake
[5.166s] -- Installing: /home/rokey/2_ws/src/install/custom_interface/share/custom_interface/cmake/custom_interface__rosidl_typesupport_cppExport-noconfig.cmake
[5.166s] -- Installing: /home/rokey/2_ws/src/install/custom_interface/share/custom_interface/cmake/export_custom_interface__rosidl_generator_pyExport.cmake
[5.166s] -- Installing: /home/rokey/2_ws/src/install/custom_interface/share/custom_interface/cmake/export_custom_interface__rosidl_generator_pyExport-noconfig.cmake
[5.166s] -- Installing: /home/rokey/2_ws/src/install/custom_interface/share/custom_interface/cmake/rosidl_cmake-extras.cmake
[5.166s] -- Installing: /home/rokey/2_ws/src/install/custom_interface/share/custom_interface/cmake/ament_cmake_export_dependencies-extras.cmake
[5.166s] -- Installing: /home/rokey/2_ws/src/install/custom_interface/share/custom_interface/cmake/ament_cmake_export_include_directories-extras.cmake
[5.166s] -- Installing: /home/rokey/2_ws/src/install/custom_interface/share/custom_interface/cmake/ament_cmake_export_libraries-extras.cmake
[5.167s] -- Installing: /home/rokey/2_ws/src/install/custom_interface/share/custom_interface/cmake/ament_cmake_export_targets-extras.cmake
[5.167s] -- Installing: /home/rokey/2_ws/src/install/custom_interface/share/custom_interface/cmake/rosidl_cmake_export_typesupport_targets-extras.cmake
[5.167s] -- Installing: /home/rokey/2_ws/src/install/custom_interface/share/custom_interface/cmake/rosidl_cmake_export_typesupport_libraries-extras.cmake
[5.167s] -- Installing: /home/rokey/2_ws/src/install/custom_interface/share/custom_interface/cmake/custom_interfaceConfig.cmake
[5.167s] -- Installing: /home/rokey/2_ws/src/install/custom_interface/share/custom_interface/cmake/custom_interfaceConfig-version.cmake
[5.167s] -- Installing: /home/rokey/2_ws/src/install/custom_interface/share/custom_interface/package.xml
[5.169s] Invoked command in '/home/rokey/2_ws/src/build/custom_interface' returned '0': CMAKE_PREFIX_PATH=${CMAKE_PREFIX_PATH}:/home/rokey/2_ws/install/user_gui:/home/rokey/2_ws/install/turtlebot_init_pose:/home/rokey/2_ws/install/pyqt_sql_node_test:/home/rokey/2_ws/install/kitchen_gui:/home/rokey/2_ws/install/amr_gui:/home/rokey/ros2_ws/install/user_gui:/home/rokey/ros2_ws/install/pyqt_sql_node_test:/home/rokey/ros2_ws/install/kitchen_gui:/home/rokey/ros2_ws/install/amr_gui:/home/rokey/turtlebot3_ws/install/turtlebot3_teleop:/home/rokey/turtlebot3_ws/install/turtlebot3_example:/home/rokey/turtlebot3_ws/install/turtlebot3_gui:/home/rokey/turtlebot3_ws/install/turtlebot3_communication:/opt/ros/humble /usr/bin/cmake --install /home/rokey/2_ws/src/build/custom_interface
