running egg_info
creating ../build/turtlebot3_communication/turtlebot3_communication.egg-info
writing ../build/turtlebot3_communication/turtlebot3_communication.egg-info/PKG-INFO
writing dependency_links to ../build/turtlebot3_communication/turtlebot3_communication.egg-info/dependency_links.txt
writing entry points to ../build/turtlebot3_communication/turtlebot3_communication.egg-info/entry_points.txt
writing requirements to ../build/turtlebot3_communication/turtlebot3_communication.egg-info/requires.txt
writing top-level names to ../build/turtlebot3_communication/turtlebot3_communication.egg-info/top_level.txt
writing manifest file '../build/turtlebot3_communication/turtlebot3_communication.egg-info/SOURCES.txt'
reading manifest file '../build/turtlebot3_communication/turtlebot3_communication.egg-info/SOURCES.txt'
writing manifest file '../build/turtlebot3_communication/turtlebot3_communication.egg-info/SOURCES.txt'
running build
running build_py
creating /home/rokey/2_ws/src/build/turtlebot3_communication/build
creating /home/rokey/2_ws/src/build/turtlebot3_communication/build/lib
creating /home/rokey/2_ws/src/build/turtlebot3_communication/build/lib/turtlebot3_communication
copying turtlebot3_communication/subscriber_node.py -> /home/rokey/2_ws/src/build/turtlebot3_communication/build/lib/turtlebot3_communication
copying turtlebot3_communication/__init__.py -> /home/rokey/2_ws/src/build/turtlebot3_communication/build/lib/turtlebot3_communication
copying turtlebot3_communication/publisher_node.py -> /home/rokey/2_ws/src/build/turtlebot3_communication/build/lib/turtlebot3_communication
running install
running install_lib
creating /home/rokey/2_ws/src/install/turtlebot3_communication/lib/python3.10/site-packages/turtlebot3_communication
copying /home/rokey/2_ws/src/build/turtlebot3_communication/build/lib/turtlebot3_communication/subscriber_node.py -> /home/rokey/2_ws/src/install/turtlebot3_communication/lib/python3.10/site-packages/turtlebot3_communication
copying /home/rokey/2_ws/src/build/turtlebot3_communication/build/lib/turtlebot3_communication/__init__.py -> /home/rokey/2_ws/src/install/turtlebot3_communication/lib/python3.10/site-packages/turtlebot3_communication
copying /home/rokey/2_ws/src/build/turtlebot3_communication/build/lib/turtlebot3_communication/publisher_node.py -> /home/rokey/2_ws/src/install/turtlebot3_communication/lib/python3.10/site-packages/turtlebot3_communication
byte-compiling /home/rokey/2_ws/src/install/turtlebot3_communication/lib/python3.10/site-packages/turtlebot3_communication/subscriber_node.py to subscriber_node.cpython-310.pyc
byte-compiling /home/rokey/2_ws/src/install/turtlebot3_communication/lib/python3.10/site-packages/turtlebot3_communication/__init__.py to __init__.cpython-310.pyc
byte-compiling /home/rokey/2_ws/src/install/turtlebot3_communication/lib/python3.10/site-packages/turtlebot3_communication/publisher_node.py to publisher_node.cpython-310.pyc
running install_data
creating /home/rokey/2_ws/src/install/turtlebot3_communication/share/ament_index
creating /home/rokey/2_ws/src/install/turtlebot3_communication/share/ament_index/resource_index
creating /home/rokey/2_ws/src/install/turtlebot3_communication/share/ament_index/resource_index/packages
copying resource/turtlebot3_communication -> /home/rokey/2_ws/src/install/turtlebot3_communication/share/ament_index/resource_index/packages
copying package.xml -> /home/rokey/2_ws/src/install/turtlebot3_communication/share/turtlebot3_communication
running install_egg_info
Copying ../build/turtlebot3_communication/turtlebot3_communication.egg-info to /home/rokey/2_ws/src/install/turtlebot3_communication/lib/python3.10/site-packages/turtlebot3_communication-0.0.0-py3.10.egg-info
running install_scripts
Installing publisher_node script to /home/rokey/2_ws/src/install/turtlebot3_communication/lib/turtlebot3_communication
Installing subscriber_node script to /home/rokey/2_ws/src/install/turtlebot3_communication/lib/turtlebot3_communication
writing list of installed files to '/home/rokey/2_ws/src/build/turtlebot3_communication/install.log'
