[1.162s] Invoking command in '/home/rokey/2_ws/src/turtlebot3_communication': PYTHONPATH=/home/rokey/2_ws/src/build/turtlebot3_communication/prefix_override:/usr/lib/python3/dist-packages/colcon_core/task/python/colcon_distutils_commands:/home/rokey/2_ws/src/install/turtlebot3_communication/lib/python3.10/site-packages:${PYTHONPATH} /usr/bin/python3 -W ignore:setup.py install is deprecated setup.py egg_info --egg-base ../build/turtlebot3_communication build --build-base /home/rokey/2_ws/src/build/turtlebot3_communication/build install --record /home/rokey/2_ws/src/build/turtlebot3_communication/install.log --single-version-externally-managed install_data
[1.363s] running egg_info
[1.364s] creating ../build/turtlebot3_communication/turtlebot3_communication.egg-info
[1.364s] writing ../build/turtlebot3_communication/turtlebot3_communication.egg-info/PKG-INFO
[1.364s] writing dependency_links to ../build/turtlebot3_communication/turtlebot3_communication.egg-info/dependency_links.txt
[1.364s] writing entry points to ../build/turtlebot3_communication/turtlebot3_communication.egg-info/entry_points.txt
[1.364s] writing requirements to ../build/turtlebot3_communication/turtlebot3_communication.egg-info/requires.txt
[1.365s] writing top-level names to ../build/turtlebot3_communication/turtlebot3_communication.egg-info/top_level.txt
[1.365s] writing manifest file '../build/turtlebot3_communication/turtlebot3_communication.egg-info/SOURCES.txt'
[1.366s] reading manifest file '../build/turtlebot3_communication/turtlebot3_communication.egg-info/SOURCES.txt'
[1.367s] writing manifest file '../build/turtlebot3_communication/turtlebot3_communication.egg-info/SOURCES.txt'
[1.367s] running build
[1.367s] running build_py
[1.367s] creating /home/rokey/2_ws/src/build/turtlebot3_communication/build
[1.368s] creating /home/rokey/2_ws/src/build/turtlebot3_communication/build/lib
[1.368s] creating /home/rokey/2_ws/src/build/turtlebot3_communication/build/lib/turtlebot3_communication
[1.368s] copying turtlebot3_communication/subscriber_node.py -> /home/rokey/2_ws/src/build/turtlebot3_communication/build/lib/turtlebot3_communication
[1.368s] copying turtlebot3_communication/__init__.py -> /home/rokey/2_ws/src/build/turtlebot3_communication/build/lib/turtlebot3_communication
[1.368s] copying turtlebot3_communication/publisher_node.py -> /home/rokey/2_ws/src/build/turtlebot3_communication/build/lib/turtlebot3_communication
[1.368s] running install
[1.369s] running install_lib
[1.370s] creating /home/rokey/2_ws/src/install/turtlebot3_communication/lib/python3.10/site-packages/turtlebot3_communication
[1.370s] copying /home/rokey/2_ws/src/build/turtlebot3_communication/build/lib/turtlebot3_communication/subscriber_node.py -> /home/rokey/2_ws/src/install/turtlebot3_communication/lib/python3.10/site-packages/turtlebot3_communication
[1.370s] copying /home/rokey/2_ws/src/build/turtlebot3_communication/build/lib/turtlebot3_communication/__init__.py -> /home/rokey/2_ws/src/install/turtlebot3_communication/lib/python3.10/site-packages/turtlebot3_communication
[1.370s] copying /home/rokey/2_ws/src/build/turtlebot3_communication/build/lib/turtlebot3_communication/publisher_node.py -> /home/rokey/2_ws/src/install/turtlebot3_communication/lib/python3.10/site-packages/turtlebot3_communication
[1.371s] byte-compiling /home/rokey/2_ws/src/install/turtlebot3_communication/lib/python3.10/site-packages/turtlebot3_communication/subscriber_node.py to subscriber_node.cpython-310.pyc
[1.371s] byte-compiling /home/rokey/2_ws/src/install/turtlebot3_communication/lib/python3.10/site-packages/turtlebot3_communication/__init__.py to __init__.cpython-310.pyc
[1.371s] byte-compiling /home/rokey/2_ws/src/install/turtlebot3_communication/lib/python3.10/site-packages/turtlebot3_communication/publisher_node.py to publisher_node.cpython-310.pyc
[1.372s] running install_data
[1.372s] creating /home/rokey/2_ws/src/install/turtlebot3_communication/share/ament_index
[1.372s] creating /home/rokey/2_ws/src/install/turtlebot3_communication/share/ament_index/resource_index
[1.372s] creating /home/rokey/2_ws/src/install/turtlebot3_communication/share/ament_index/resource_index/packages
[1.372s] copying resource/turtlebot3_communication -> /home/rokey/2_ws/src/install/turtlebot3_communication/share/ament_index/resource_index/packages
[1.372s] copying package.xml -> /home/rokey/2_ws/src/install/turtlebot3_communication/share/turtlebot3_communication
[1.373s] running install_egg_info
[1.374s] Copying ../build/turtlebot3_communication/turtlebot3_communication.egg-info to /home/rokey/2_ws/src/install/turtlebot3_communication/lib/python3.10/site-packages/turtlebot3_communication-0.0.0-py3.10.egg-info
[1.375s] running install_scripts
[1.391s] Installing publisher_node script to /home/rokey/2_ws/src/install/turtlebot3_communication/lib/turtlebot3_communication
[1.391s] Installing subscriber_node script to /home/rokey/2_ws/src/install/turtlebot3_communication/lib/turtlebot3_communication
[1.392s] writing list of installed files to '/home/rokey/2_ws/src/build/turtlebot3_communication/install.log'
[1.418s] Invoked command in '/home/rokey/2_ws/src/turtlebot3_communication' returned '0': PYTHONPATH=/home/rokey/2_ws/src/build/turtlebot3_communication/prefix_override:/usr/lib/python3/dist-packages/colcon_core/task/python/colcon_distutils_commands:/home/rokey/2_ws/src/install/turtlebot3_communication/lib/python3.10/site-packages:${PYTHONPATH} /usr/bin/python3 -W ignore:setup.py install is deprecated setup.py egg_info --egg-base ../build/turtlebot3_communication build --build-base /home/rokey/2_ws/src/build/turtlebot3_communication/build install --record /home/rokey/2_ws/src/build/turtlebot3_communication/install.log --single-version-externally-managed install_data
