[0.847s] Invoking command in '/home/rokey/2_ws/src/kitchen_gui': PYTHONPATH=/home/rokey/2_ws/src/build/kitchen_gui/prefix_override:/usr/lib/python3/dist-packages/colcon_core/task/python/colcon_distutils_commands:/home/rokey/2_ws/src/install/kitchen_gui/lib/python3.10/site-packages:${PYTHONPATH} /usr/bin/python3 -W ignore:setup.py install is deprecated setup.py egg_info --egg-base ../build/kitchen_gui build --build-base /home/rokey/2_ws/src/build/kitchen_gui/build install --record /home/rokey/2_ws/src/build/kitchen_gui/install.log --single-version-externally-managed install_data
[1.063s] running egg_info
[1.063s] creating ../build/kitchen_gui/kitchen_gui.egg-info
[1.063s] writing ../build/kitchen_gui/kitchen_gui.egg-info/PKG-INFO
[1.063s] writing dependency_links to ../build/kitchen_gui/kitchen_gui.egg-info/dependency_links.txt
[1.063s] writing entry points to ../build/kitchen_gui/kitchen_gui.egg-info/entry_points.txt
[1.064s] writing requirements to ../build/kitchen_gui/kitchen_gui.egg-info/requires.txt
[1.064s] writing top-level names to ../build/kitchen_gui/kitchen_gui.egg-info/top_level.txt
[1.064s] writing manifest file '../build/kitchen_gui/kitchen_gui.egg-info/SOURCES.txt'
[1.065s] reading manifest file '../build/kitchen_gui/kitchen_gui.egg-info/SOURCES.txt'
[1.066s] writing manifest file '../build/kitchen_gui/kitchen_gui.egg-info/SOURCES.txt'
[1.066s] running build
[1.066s] running build_py
[1.067s] creating /home/rokey/2_ws/src/build/kitchen_gui/build
[1.067s] creating /home/rokey/2_ws/src/build/kitchen_gui/build/lib
[1.067s] creating /home/rokey/2_ws/src/build/kitchen_gui/build/lib/kitchen_gui
[1.067s] copying kitchen_gui/__init__.py -> /home/rokey/2_ws/src/build/kitchen_gui/build/lib/kitchen_gui
[1.067s] copying kitchen_gui/kitchen_gui.py -> /home/rokey/2_ws/src/build/kitchen_gui/build/lib/kitchen_gui
[1.067s] running install
[1.067s] running install_lib
[1.068s] creating /home/rokey/2_ws/src/install/kitchen_gui/lib/python3.10/site-packages/kitchen_gui
[1.068s] copying /home/rokey/2_ws/src/build/kitchen_gui/build/lib/kitchen_gui/__init__.py -> /home/rokey/2_ws/src/install/kitchen_gui/lib/python3.10/site-packages/kitchen_gui
[1.068s] copying /home/rokey/2_ws/src/build/kitchen_gui/build/lib/kitchen_gui/kitchen_gui.py -> /home/rokey/2_ws/src/install/kitchen_gui/lib/python3.10/site-packages/kitchen_gui
[1.069s] byte-compiling /home/rokey/2_ws/src/install/kitchen_gui/lib/python3.10/site-packages/kitchen_gui/__init__.py to __init__.cpython-310.pyc
[1.069s] byte-compiling /home/rokey/2_ws/src/install/kitchen_gui/lib/python3.10/site-packages/kitchen_gui/kitchen_gui.py to kitchen_gui.cpython-310.pyc
[1.070s] running install_data
[1.070s] creating /home/rokey/2_ws/src/install/kitchen_gui/share
[1.070s] creating /home/rokey/2_ws/src/install/kitchen_gui/share/ament_index
[1.070s] creating /home/rokey/2_ws/src/install/kitchen_gui/share/ament_index/resource_index
[1.070s] creating /home/rokey/2_ws/src/install/kitchen_gui/share/ament_index/resource_index/packages
[1.070s] copying resource/kitchen_gui -> /home/rokey/2_ws/src/install/kitchen_gui/share/ament_index/resource_index/packages
[1.071s] creating /home/rokey/2_ws/src/install/kitchen_gui/share/kitchen_gui
[1.071s] copying package.xml -> /home/rokey/2_ws/src/install/kitchen_gui/share/kitchen_gui
[1.071s] running install_egg_info
[1.073s] Copying ../build/kitchen_gui/kitchen_gui.egg-info to /home/rokey/2_ws/src/install/kitchen_gui/lib/python3.10/site-packages/kitchen_gui-0.0.0-py3.10.egg-info
[1.073s] running install_scripts
[1.090s] Installing kitchen_gui_node script to /home/rokey/2_ws/src/install/kitchen_gui/lib/kitchen_gui
[1.091s] writing list of installed files to '/home/rokey/2_ws/src/build/kitchen_gui/install.log'
[1.111s] Invoked command in '/home/rokey/2_ws/src/kitchen_gui' returned '0': PYTHONPATH=/home/rokey/2_ws/src/build/kitchen_gui/prefix_override:/usr/lib/python3/dist-packages/colcon_core/task/python/colcon_distutils_commands:/home/rokey/2_ws/src/install/kitchen_gui/lib/python3.10/site-packages:${PYTHONPATH} /usr/bin/python3 -W ignore:setup.py install is deprecated setup.py egg_info --egg-base ../build/kitchen_gui build --build-base /home/rokey/2_ws/src/build/kitchen_gui/build install --record /home/rokey/2_ws/src/build/kitchen_gui/install.log --single-version-externally-managed install_data
