/home/rokey/2_ws/src/install/user_gui/lib/python3.10/site-packages/user_gui/__init__.py
/home/rokey/2_ws/src/install/user_gui/lib/python3.10/site-packages/user_gui/user_gui.py
/home/rokey/2_ws/src/install/user_gui/lib/python3.10/site-packages/user_gui/__pycache__/__init__.cpython-310.pyc
/home/rokey/2_ws/src/install/user_gui/lib/python3.10/site-packages/user_gui/__pycache__/user_gui.cpython-310.pyc
/home/rokey/2_ws/src/install/user_gui/share/ament_index/resource_index/packages/user_gui
/home/rokey/2_ws/src/install/user_gui/share/user_gui/package.xml
/home/rokey/2_ws/src/install/user_gui/share/user_gui/images/pizza.png
/home/rokey/2_ws/src/install/user_gui/share/user_gui/images/salad.png
/home/rokey/2_ws/src/install/user_gui/share/user_gui/images/call_staff.png
/home/rokey/2_ws/src/install/user_gui/share/user_gui/images/background.png
/home/rokey/2_ws/src/install/user_gui/share/user_gui/images/logo.png
/home/rokey/2_ws/src/install/user_gui/share/user_gui/images/cola.png
/home/rokey/2_ws/src/install/user_gui/share/user_gui/images/robot_return.png
/home/rokey/2_ws/src/install/user_gui/share/user_gui/images/pasta.png
/home/rokey/2_ws/src/install/user_gui/lib/python3.10/site-packages/user_gui-0.0.1-py3.10.egg-info/requires.txt
/home/rokey/2_ws/src/install/user_gui/lib/python3.10/site-packages/user_gui-0.0.1-py3.10.egg-info/zip-safe
/home/rokey/2_ws/src/install/user_gui/lib/python3.10/site-packages/user_gui-0.0.1-py3.10.egg-info/entry_points.txt
/home/rokey/2_ws/src/install/user_gui/lib/python3.10/site-packages/user_gui-0.0.1-py3.10.egg-info/SOURCES.txt
/home/rokey/2_ws/src/install/user_gui/lib/python3.10/site-packages/user_gui-0.0.1-py3.10.egg-info/dependency_links.txt
/home/rokey/2_ws/src/install/user_gui/lib/python3.10/site-packages/user_gui-0.0.1-py3.10.egg-info/PKG-INFO
/home/rokey/2_ws/src/install/user_gui/lib/python3.10/site-packages/user_gui-0.0.1-py3.10.egg-info/top_level.txt
/home/rokey/2_ws/src/install/user_gui/lib/user_gui/gui_node
