/home/rokey/.local/lib/python3.10/site-packages/setuptools/_distutils/dist.py:261: UserWarning: Unknown distribution option: 'tests_require'
  warnings.warn(msg)
running egg_info
creating ../build/amr_gui/amr_gui.egg-info
writing ../build/amr_gui/amr_gui.egg-info/PKG-INFO
writing dependency_links to ../build/amr_gui/amr_gui.egg-info/dependency_links.txt
writing entry points to ../build/amr_gui/amr_gui.egg-info/entry_points.txt
writing requirements to ../build/amr_gui/amr_gui.egg-info/requires.txt
writing top-level names to ../build/amr_gui/amr_gui.egg-info/top_level.txt
writing manifest file '../build/amr_gui/amr_gui.egg-info/SOURCES.txt'
reading manifest file '../build/amr_gui/amr_gui.egg-info/SOURCES.txt'
writing manifest file '../build/amr_gui/amr_gui.egg-info/SOURCES.txt'
running build
running build_py
creating /home/rokey/2_ws/src/build/amr_gui/build/lib/amr_gui
copying amr_gui/__init__.py -> /home/rokey/2_ws/src/build/amr_gui/build/lib/amr_gui
copying amr_gui/amr_gui_node.py -> /home/rokey/2_ws/src/build/amr_gui/build/lib/amr_gui
running install
running install_lib
creating /home/rokey/2_ws/src/install/amr_gui/lib/python3.10/site-packages/amr_gui
copying /home/rokey/2_ws/src/build/amr_gui/build/lib/amr_gui/__init__.py -> /home/rokey/2_ws/src/install/amr_gui/lib/python3.10/site-packages/amr_gui
copying /home/rokey/2_ws/src/build/amr_gui/build/lib/amr_gui/amr_gui_node.py -> /home/rokey/2_ws/src/install/amr_gui/lib/python3.10/site-packages/amr_gui
byte-compiling /home/rokey/2_ws/src/install/amr_gui/lib/python3.10/site-packages/amr_gui/__init__.py to __init__.cpython-310.pyc
byte-compiling /home/rokey/2_ws/src/install/amr_gui/lib/python3.10/site-packages/amr_gui/amr_gui_node.py to amr_gui_node.cpython-310.pyc
running install_data
creating /home/rokey/2_ws/src/install/amr_gui/share/ament_index/resource_index/packages
copying resource/amr_gui -> /home/rokey/2_ws/src/install/amr_gui/share/ament_index/resource_index/packages
copying package.xml -> /home/rokey/2_ws/src/install/amr_gui/share/amr_gui
creating /home/rokey/2_ws/src/install/amr_gui/share/amr_gui/images
copying images/eye-6662_256.gif -> /home/rokey/2_ws/src/install/amr_gui/share/amr_gui/images
running install_egg_info
Copying ../build/amr_gui/amr_gui.egg-info to /home/rokey/2_ws/src/install/amr_gui/lib/python3.10/site-packages/amr_gui-0.0.0-py3.10.egg-info
running install_scripts
Installing amr_gui_node script to /home/rokey/2_ws/src/install/amr_gui/lib/amr_gui
writing list of installed files to '/home/rokey/2_ws/src/build/amr_gui/install.log'
