[1.756s] Invoking command in '/home/rokey/2_ws/src/amr_gui': PYTHONPATH=/home/rokey/2_ws/src/build/amr_gui/prefix_override:/usr/lib/python3/dist-packages/colcon_core/task/python/colcon_distutils_commands:/home/rokey/2_ws/src/install/amr_gui/lib/python3.10/site-packages:${PYTHONPATH} /usr/bin/python3 -W ignore:setup.py install is deprecated setup.py egg_info --egg-base ../build/amr_gui build --build-base /home/rokey/2_ws/src/build/amr_gui/build install --record /home/rokey/2_ws/src/build/amr_gui/install.log --single-version-externally-managed install_data
[1.975s] /home/rokey/.local/lib/python3.10/site-packages/setuptools/_distutils/dist.py:261: UserWarning: Unknown distribution option: 'tests_require'
[1.975s]   warnings.warn(msg)
[2.117s] running egg_info
[2.161s] creating ../build/amr_gui/amr_gui.egg-info
[2.161s] writing ../build/amr_gui/amr_gui.egg-info/PKG-INFO
[2.162s] writing dependency_links to ../build/amr_gui/amr_gui.egg-info/dependency_links.txt
[2.163s] writing entry points to ../build/amr_gui/amr_gui.egg-info/entry_points.txt
[2.163s] writing requirements to ../build/amr_gui/amr_gui.egg-info/requires.txt
[2.163s] writing top-level names to ../build/amr_gui/amr_gui.egg-info/top_level.txt
[2.164s] writing manifest file '../build/amr_gui/amr_gui.egg-info/SOURCES.txt'
[2.232s] reading manifest file '../build/amr_gui/amr_gui.egg-info/SOURCES.txt'
[2.235s] writing manifest file '../build/amr_gui/amr_gui.egg-info/SOURCES.txt'
[2.235s] running build
[2.235s] running build_py
[2.236s] creating /home/rokey/2_ws/src/build/amr_gui/build/lib/amr_gui
[2.236s] copying amr_gui/__init__.py -> /home/rokey/2_ws/src/build/amr_gui/build/lib/amr_gui
[2.236s] copying amr_gui/amr_gui_node.py -> /home/rokey/2_ws/src/build/amr_gui/build/lib/amr_gui
[2.237s] running install
[2.249s] running install_lib
[2.294s] creating /home/rokey/2_ws/src/install/amr_gui/lib/python3.10/site-packages/amr_gui
[2.295s] copying /home/rokey/2_ws/src/build/amr_gui/build/lib/amr_gui/__init__.py -> /home/rokey/2_ws/src/install/amr_gui/lib/python3.10/site-packages/amr_gui
[2.295s] copying /home/rokey/2_ws/src/build/amr_gui/build/lib/amr_gui/amr_gui_node.py -> /home/rokey/2_ws/src/install/amr_gui/lib/python3.10/site-packages/amr_gui
[2.296s] byte-compiling /home/rokey/2_ws/src/install/amr_gui/lib/python3.10/site-packages/amr_gui/__init__.py to __init__.cpython-310.pyc
[2.297s] byte-compiling /home/rokey/2_ws/src/install/amr_gui/lib/python3.10/site-packages/amr_gui/amr_gui_node.py to amr_gui_node.cpython-310.pyc
[2.300s] running install_data
[2.300s] creating /home/rokey/2_ws/src/install/amr_gui/share/ament_index/resource_index/packages
[2.301s] copying resource/amr_gui -> /home/rokey/2_ws/src/install/amr_gui/share/ament_index/resource_index/packages
[2.302s] copying package.xml -> /home/rokey/2_ws/src/install/amr_gui/share/amr_gui
[2.302s] creating /home/rokey/2_ws/src/install/amr_gui/share/amr_gui/images
[2.302s] copying images/eye-6662_256.gif -> /home/rokey/2_ws/src/install/amr_gui/share/amr_gui/images
[2.303s] running install_egg_info
[2.352s] Copying ../build/amr_gui/amr_gui.egg-info to /home/rokey/2_ws/src/install/amr_gui/lib/python3.10/site-packages/amr_gui-0.0.0-py3.10.egg-info
[2.354s] running install_scripts
[2.685s] Installing amr_gui_node script to /home/rokey/2_ws/src/install/amr_gui/lib/amr_gui
[2.685s] writing list of installed files to '/home/rokey/2_ws/src/build/amr_gui/install.log'
[2.755s] Invoked command in '/home/rokey/2_ws/src/amr_gui' returned '0': PYTHONPATH=/home/rokey/2_ws/src/build/amr_gui/prefix_override:/usr/lib/python3/dist-packages/colcon_core/task/python/colcon_distutils_commands:/home/rokey/2_ws/src/install/amr_gui/lib/python3.10/site-packages:${PYTHONPATH} /usr/bin/python3 -W ignore:setup.py install is deprecated setup.py egg_info --egg-base ../build/amr_gui build --build-base /home/rokey/2_ws/src/build/amr_gui/build install --record /home/rokey/2_ws/src/build/amr_gui/install.log --single-version-externally-managed install_data
