[0.084s] DEBUG:colcon:Command line arguments: ['/usr/bin/colcon', 'build']
[0.085s] DEBUG:colcon:Parsed command line arguments: Namespace(log_base=None, log_level=None, verb_name='build', build_base='build', install_base='install', merge_install=False, symlink_install=False, test_result_base=None, continue_on_error=False, executor='parallel', parallel_workers=8, event_handlers=None, ignore_user_meta=False, metas=['./colcon.meta'], base_paths=['.'], packages_ignore=None, packages_ignore_regex=None, paths=None, packages_up_to=None, packages_up_to_regex=None, packages_above=None, packages_above_and_dependencies=None, packages_above_depth=None, packages_select_by_dep=None, packages_skip_by_dep=None, packages_skip_up_to=None, packages_select_build_failed=False, packages_skip_build_finished=False, packages_select_test_failures=False, packages_skip_test_passed=False, packages_select=None, packages_skip=None, packages_select_regex=None, packages_skip_regex=None, packages_start=None, packages_end=None, allow_overriding=[], cmake_args=None, cmake_target=None, cmake_target_skip_unavailable=False, cmake_clean_cache=False, cmake_clean_first=False, cmake_force_configure=False, ament_cmake_args=None, catkin_cmake_args=None, catkin_skip_building_tests=False, mixin_files=None, mixin=None, verb_parser=<colcon_mixin.mixin.mixin_argument.MixinArgumentDecorator object at 0x7dc996b2b700>, verb_extension=<colcon_core.verb.build.BuildVerb object at 0x7dc996b2b190>, main=<bound method BuildVerb.main of <colcon_core.verb.build.BuildVerb object at 0x7dc996b2b190>>, mixin_verb=('build',))
[0.221s] Level 1:colcon.colcon_core.package_discovery:discover_packages(colcon_meta) check parameters
[0.221s] Level 1:colcon.colcon_core.package_discovery:discover_packages(recursive) check parameters
[0.221s] Level 1:colcon.colcon_core.package_discovery:discover_packages(ignore) check parameters
[0.221s] Level 1:colcon.colcon_core.package_discovery:discover_packages(path) check parameters
[0.221s] Level 1:colcon.colcon_core.package_discovery:discover_packages(colcon_meta) discover
[0.221s] Level 1:colcon.colcon_core.package_discovery:discover_packages(recursive) discover
[0.221s] INFO:colcon.colcon_core.package_discovery:Crawling recursively for packages in '/home/rokey/2_ws/src'
[0.221s] Level 1:colcon.colcon_core.package_identification:_identify(.) by extensions ['ignore', 'ignore_ament_install']
[0.221s] Level 1:colcon.colcon_core.package_identification:_identify(.) by extension 'ignore'
[0.222s] Level 1:colcon.colcon_core.package_identification:_identify(.) by extension 'ignore_ament_install'
[0.222s] Level 1:colcon.colcon_core.package_identification:_identify(.) by extensions ['colcon_pkg']
[0.222s] Level 1:colcon.colcon_core.package_identification:_identify(.) by extension 'colcon_pkg'
[0.222s] Level 1:colcon.colcon_core.package_identification:_identify(.) by extensions ['colcon_meta']
[0.222s] Level 1:colcon.colcon_core.package_identification:_identify(.) by extension 'colcon_meta'
[0.222s] Level 1:colcon.colcon_core.package_identification:_identify(.) by extensions ['ros']
[0.222s] Level 1:colcon.colcon_core.package_identification:_identify(.) by extension 'ros'
[0.230s] Level 1:colcon.colcon_core.package_identification:_identify(.) by extensions ['cmake', 'python']
[0.230s] Level 1:colcon.colcon_core.package_identification:_identify(.) by extension 'cmake'
[0.230s] Level 1:colcon.colcon_core.package_identification:_identify(.) by extension 'python'
[0.230s] Level 1:colcon.colcon_core.package_identification:_identify(.) by extensions ['python_setup_py']
[0.230s] Level 1:colcon.colcon_core.package_identification:_identify(.) by extension 'python_setup_py'
[0.230s] Level 1:colcon.colcon_core.package_identification:_identify(build) by extensions ['ignore', 'ignore_ament_install']
[0.230s] Level 1:colcon.colcon_core.package_identification:_identify(build) by extension 'ignore'
[0.230s] Level 1:colcon.colcon_core.package_identification:_identify(build) ignored
[0.230s] Level 1:colcon.colcon_core.package_identification:_identify(install) by extensions ['ignore', 'ignore_ament_install']
[0.230s] Level 1:colcon.colcon_core.package_identification:_identify(install) by extension 'ignore'
[0.230s] Level 1:colcon.colcon_core.package_identification:_identify(install) ignored
[0.230s] Level 1:colcon.colcon_core.package_identification:_identify(kitchen_gui) by extensions ['ignore', 'ignore_ament_install']
[0.230s] Level 1:colcon.colcon_core.package_identification:_identify(kitchen_gui) by extension 'ignore'
[0.231s] Level 1:colcon.colcon_core.package_identification:_identify(kitchen_gui) by extension 'ignore_ament_install'
[0.231s] Level 1:colcon.colcon_core.package_identification:_identify(kitchen_gui) by extensions ['colcon_pkg']
[0.231s] Level 1:colcon.colcon_core.package_identification:_identify(kitchen_gui) by extension 'colcon_pkg'
[0.231s] Level 1:colcon.colcon_core.package_identification:_identify(kitchen_gui) by extensions ['colcon_meta']
[0.231s] Level 1:colcon.colcon_core.package_identification:_identify(kitchen_gui) by extension 'colcon_meta'
[0.231s] Level 1:colcon.colcon_core.package_identification:_identify(kitchen_gui) by extensions ['ros']
[0.231s] Level 1:colcon.colcon_core.package_identification:_identify(kitchen_gui) by extension 'ros'
[0.232s] DEBUG:colcon.colcon_core.package_identification:Found ROS schema reference in package manifest in 'kitchen_gui'
[0.232s] WARNING:colcon.colcon_core.package_identification:Failed to parse ROS package manifest in 'kitchen_gui': Error(s) in package 'kitchen_gui/package.xml':
Error(s):
- The generic dependency on 'rclpy' is redundant with: build_depend, exec_depend
- The generic dependency on 'std_msgs' is redundant with: build_depend, exec_depend
[0.232s] Level 1:colcon.colcon_core.package_identification:_identify(kitchen_gui) by extensions ['cmake', 'python']
[0.232s] Level 1:colcon.colcon_core.package_identification:_identify(kitchen_gui) by extension 'cmake'
[0.233s] Level 1:colcon.colcon_core.package_identification:_identify(kitchen_gui) by extension 'python'
[0.233s] DEBUG:colcon.colcon_core.package_identification:Python package in 'kitchen_gui' passes arguments to the setup() function which requires a different identification extension than 'python'
[0.233s] Level 1:colcon.colcon_core.package_identification:_identify(kitchen_gui) by extensions ['python_setup_py']
[0.233s] Level 1:colcon.colcon_core.package_identification:_identify(kitchen_gui) by extension 'python_setup_py'
[0.425s] DEBUG:colcon.colcon_core.package_identification:Package 'kitchen_gui' with type 'python' and name 'kitchen_gui'
[0.425s] Level 1:colcon.colcon_core.package_identification:_identify(log) by extensions ['ignore', 'ignore_ament_install']
[0.425s] Level 1:colcon.colcon_core.package_identification:_identify(log) by extension 'ignore'
[0.425s] Level 1:colcon.colcon_core.package_identification:_identify(log) ignored
[0.425s] Level 1:colcon.colcon_core.package_identification:_identify(pyqt_sql_node_test) by extensions ['ignore', 'ignore_ament_install']
[0.425s] Level 1:colcon.colcon_core.package_identification:_identify(pyqt_sql_node_test) by extension 'ignore'
[0.426s] Level 1:colcon.colcon_core.package_identification:_identify(pyqt_sql_node_test) by extension 'ignore_ament_install'
[0.426s] Level 1:colcon.colcon_core.package_identification:_identify(pyqt_sql_node_test) by extensions ['colcon_pkg']
[0.426s] Level 1:colcon.colcon_core.package_identification:_identify(pyqt_sql_node_test) by extension 'colcon_pkg'
[0.426s] Level 1:colcon.colcon_core.package_identification:_identify(pyqt_sql_node_test) by extensions ['colcon_meta']
[0.426s] Level 1:colcon.colcon_core.package_identification:_identify(pyqt_sql_node_test) by extension 'colcon_meta'
[0.426s] Level 1:colcon.colcon_core.package_identification:_identify(pyqt_sql_node_test) by extensions ['ros']
[0.426s] Level 1:colcon.colcon_core.package_identification:_identify(pyqt_sql_node_test) by extension 'ros'
[0.427s] DEBUG:colcon.colcon_core.package_identification:Package 'pyqt_sql_node_test' with type 'ros.ament_python' and name 'pyqt_sql_node_test'
[0.427s] Level 1:colcon.colcon_core.package_identification:_identify(turtlebot3_communication) by extensions ['ignore', 'ignore_ament_install']
[0.427s] Level 1:colcon.colcon_core.package_identification:_identify(turtlebot3_communication) by extension 'ignore'
[0.427s] Level 1:colcon.colcon_core.package_identification:_identify(turtlebot3_communication) by extension 'ignore_ament_install'
[0.427s] Level 1:colcon.colcon_core.package_identification:_identify(turtlebot3_communication) by extensions ['colcon_pkg']
[0.427s] Level 1:colcon.colcon_core.package_identification:_identify(turtlebot3_communication) by extension 'colcon_pkg'
[0.427s] Level 1:colcon.colcon_core.package_identification:_identify(turtlebot3_communication) by extensions ['colcon_meta']
[0.427s] Level 1:colcon.colcon_core.package_identification:_identify(turtlebot3_communication) by extension 'colcon_meta'
[0.427s] Level 1:colcon.colcon_core.package_identification:_identify(turtlebot3_communication) by extensions ['ros']
[0.427s] Level 1:colcon.colcon_core.package_identification:_identify(turtlebot3_communication) by extension 'ros'
[0.428s] DEBUG:colcon.colcon_core.package_identification:Package 'turtlebot3_communication' with type 'ros.ament_python' and name 'turtlebot3_communication'
[0.428s] Level 1:colcon.colcon_core.package_identification:_identify(user_gui) by extensions ['ignore', 'ignore_ament_install']
[0.428s] Level 1:colcon.colcon_core.package_identification:_identify(user_gui) by extension 'ignore'
[0.428s] Level 1:colcon.colcon_core.package_identification:_identify(user_gui) by extension 'ignore_ament_install'
[0.428s] Level 1:colcon.colcon_core.package_identification:_identify(user_gui) by extensions ['colcon_pkg']
[0.428s] Level 1:colcon.colcon_core.package_identification:_identify(user_gui) by extension 'colcon_pkg'
[0.428s] Level 1:colcon.colcon_core.package_identification:_identify(user_gui) by extensions ['colcon_meta']
[0.428s] Level 1:colcon.colcon_core.package_identification:_identify(user_gui) by extension 'colcon_meta'
[0.428s] Level 1:colcon.colcon_core.package_identification:_identify(user_gui) by extensions ['ros']
[0.428s] Level 1:colcon.colcon_core.package_identification:_identify(user_gui) by extension 'ros'
[0.428s] DEBUG:colcon.colcon_core.package_identification:Package 'user_gui' with type 'ros.ament_python' and name 'user_gui'
[0.428s] Level 1:colcon.colcon_core.package_discovery:discover_packages(recursive) using defaults
[0.428s] Level 1:colcon.colcon_core.package_discovery:discover_packages(ignore) discover
[0.429s] Level 1:colcon.colcon_core.package_discovery:discover_packages(ignore) using defaults
[0.429s] Level 1:colcon.colcon_core.package_discovery:discover_packages(path) discover
[0.429s] Level 1:colcon.colcon_core.package_discovery:discover_packages(path) using defaults
[0.451s] Level 1:colcon.colcon_core.package_discovery:discover_packages(prefix_path) check parameters
[0.451s] Level 1:colcon.colcon_core.package_discovery:discover_packages(prefix_path) discover
[0.453s] DEBUG:colcon.colcon_installed_package_information.package_discovery:Found 15 installed packages in /home/rokey/turtlebot3_ws/install
[0.454s] DEBUG:colcon.colcon_installed_package_information.package_discovery:Found 368 installed packages in /opt/ros/humble
[0.455s] Level 1:colcon.colcon_core.package_discovery:discover_packages(prefix_path) using defaults
[0.489s] Level 5:colcon.colcon_core.verb:set package 'kitchen_gui' build argument 'cmake_args' from command line to 'None'
[0.489s] Level 5:colcon.colcon_core.verb:set package 'kitchen_gui' build argument 'cmake_target' from command line to 'None'
[0.489s] Level 5:colcon.colcon_core.verb:set package 'kitchen_gui' build argument 'cmake_target_skip_unavailable' from command line to 'False'
[0.489s] Level 5:colcon.colcon_core.verb:set package 'kitchen_gui' build argument 'cmake_clean_cache' from command line to 'False'
[0.489s] Level 5:colcon.colcon_core.verb:set package 'kitchen_gui' build argument 'cmake_clean_first' from command line to 'False'
[0.489s] Level 5:colcon.colcon_core.verb:set package 'kitchen_gui' build argument 'cmake_force_configure' from command line to 'False'
[0.489s] Level 5:colcon.colcon_core.verb:set package 'kitchen_gui' build argument 'ament_cmake_args' from command line to 'None'
[0.490s] Level 5:colcon.colcon_core.verb:set package 'kitchen_gui' build argument 'catkin_cmake_args' from command line to 'None'
[0.490s] Level 5:colcon.colcon_core.verb:set package 'kitchen_gui' build argument 'catkin_skip_building_tests' from command line to 'False'
[0.490s] DEBUG:colcon.colcon_core.verb:Building package 'kitchen_gui' with the following arguments: {'ament_cmake_args': None, 'build_base': '/home/rokey/2_ws/src/build/kitchen_gui', 'catkin_cmake_args': None, 'catkin_skip_building_tests': False, 'cmake_args': None, 'cmake_clean_cache': False, 'cmake_clean_first': False, 'cmake_force_configure': False, 'cmake_target': None, 'cmake_target_skip_unavailable': False, 'install_base': '/home/rokey/2_ws/src/install/kitchen_gui', 'merge_install': False, 'path': '/home/rokey/2_ws/src/kitchen_gui', 'symlink_install': False, 'test_result_base': None}
[0.490s] Level 5:colcon.colcon_core.verb:set package 'pyqt_sql_node_test' build argument 'cmake_args' from command line to 'None'
[0.490s] Level 5:colcon.colcon_core.verb:set package 'pyqt_sql_node_test' build argument 'cmake_target' from command line to 'None'
[0.490s] Level 5:colcon.colcon_core.verb:set package 'pyqt_sql_node_test' build argument 'cmake_target_skip_unavailable' from command line to 'False'
[0.490s] Level 5:colcon.colcon_core.verb:set package 'pyqt_sql_node_test' build argument 'cmake_clean_cache' from command line to 'False'
[0.490s] Level 5:colcon.colcon_core.verb:set package 'pyqt_sql_node_test' build argument 'cmake_clean_first' from command line to 'False'
[0.490s] Level 5:colcon.colcon_core.verb:set package 'pyqt_sql_node_test' build argument 'cmake_force_configure' from command line to 'False'
[0.490s] Level 5:colcon.colcon_core.verb:set package 'pyqt_sql_node_test' build argument 'ament_cmake_args' from command line to 'None'
[0.490s] Level 5:colcon.colcon_core.verb:set package 'pyqt_sql_node_test' build argument 'catkin_cmake_args' from command line to 'None'
[0.490s] Level 5:colcon.colcon_core.verb:set package 'pyqt_sql_node_test' build argument 'catkin_skip_building_tests' from command line to 'False'
[0.490s] DEBUG:colcon.colcon_core.verb:Building package 'pyqt_sql_node_test' with the following arguments: {'ament_cmake_args': None, 'build_base': '/home/rokey/2_ws/src/build/pyqt_sql_node_test', 'catkin_cmake_args': None, 'catkin_skip_building_tests': False, 'cmake_args': None, 'cmake_clean_cache': False, 'cmake_clean_first': False, 'cmake_force_configure': False, 'cmake_target': None, 'cmake_target_skip_unavailable': False, 'install_base': '/home/rokey/2_ws/src/install/pyqt_sql_node_test', 'merge_install': False, 'path': '/home/rokey/2_ws/src/pyqt_sql_node_test', 'symlink_install': False, 'test_result_base': None}
[0.490s] Level 5:colcon.colcon_core.verb:set package 'turtlebot3_communication' build argument 'cmake_args' from command line to 'None'
[0.490s] Level 5:colcon.colcon_core.verb:set package 'turtlebot3_communication' build argument 'cmake_target' from command line to 'None'
[0.490s] Level 5:colcon.colcon_core.verb:set package 'turtlebot3_communication' build argument 'cmake_target_skip_unavailable' from command line to 'False'
[0.490s] Level 5:colcon.colcon_core.verb:set package 'turtlebot3_communication' build argument 'cmake_clean_cache' from command line to 'False'
[0.490s] Level 5:colcon.colcon_core.verb:set package 'turtlebot3_communication' build argument 'cmake_clean_first' from command line to 'False'
[0.490s] Level 5:colcon.colcon_core.verb:set package 'turtlebot3_communication' build argument 'cmake_force_configure' from command line to 'False'
[0.490s] Level 5:colcon.colcon_core.verb:set package 'turtlebot3_communication' build argument 'ament_cmake_args' from command line to 'None'
[0.490s] Level 5:colcon.colcon_core.verb:set package 'turtlebot3_communication' build argument 'catkin_cmake_args' from command line to 'None'
[0.490s] Level 5:colcon.colcon_core.verb:set package 'turtlebot3_communication' build argument 'catkin_skip_building_tests' from command line to 'False'
[0.490s] DEBUG:colcon.colcon_core.verb:Building package 'turtlebot3_communication' with the following arguments: {'ament_cmake_args': None, 'build_base': '/home/rokey/2_ws/src/build/turtlebot3_communication', 'catkin_cmake_args': None, 'catkin_skip_building_tests': False, 'cmake_args': None, 'cmake_clean_cache': False, 'cmake_clean_first': False, 'cmake_force_configure': False, 'cmake_target': None, 'cmake_target_skip_unavailable': False, 'install_base': '/home/rokey/2_ws/src/install/turtlebot3_communication', 'merge_install': False, 'path': '/home/rokey/2_ws/src/turtlebot3_communication', 'symlink_install': False, 'test_result_base': None}
[0.491s] Level 5:colcon.colcon_core.verb:set package 'user_gui' build argument 'cmake_args' from command line to 'None'
[0.491s] Level 5:colcon.colcon_core.verb:set package 'user_gui' build argument 'cmake_target' from command line to 'None'
[0.491s] Level 5:colcon.colcon_core.verb:set package 'user_gui' build argument 'cmake_target_skip_unavailable' from command line to 'False'
[0.491s] Level 5:colcon.colcon_core.verb:set package 'user_gui' build argument 'cmake_clean_cache' from command line to 'False'
[0.491s] Level 5:colcon.colcon_core.verb:set package 'user_gui' build argument 'cmake_clean_first' from command line to 'False'
[0.491s] Level 5:colcon.colcon_core.verb:set package 'user_gui' build argument 'cmake_force_configure' from command line to 'False'
[0.491s] Level 5:colcon.colcon_core.verb:set package 'user_gui' build argument 'ament_cmake_args' from command line to 'None'
[0.491s] Level 5:colcon.colcon_core.verb:set package 'user_gui' build argument 'catkin_cmake_args' from command line to 'None'
[0.491s] Level 5:colcon.colcon_core.verb:set package 'user_gui' build argument 'catkin_skip_building_tests' from command line to 'False'
[0.491s] DEBUG:colcon.colcon_core.verb:Building package 'user_gui' with the following arguments: {'ament_cmake_args': None, 'build_base': '/home/rokey/2_ws/src/build/user_gui', 'catkin_cmake_args': None, 'catkin_skip_building_tests': False, 'cmake_args': None, 'cmake_clean_cache': False, 'cmake_clean_first': False, 'cmake_force_configure': False, 'cmake_target': None, 'cmake_target_skip_unavailable': False, 'install_base': '/home/rokey/2_ws/src/install/user_gui', 'merge_install': False, 'path': '/home/rokey/2_ws/src/user_gui', 'symlink_install': False, 'test_result_base': None}
[0.491s] INFO:colcon.colcon_core.executor:Executing jobs using 'parallel' executor
[0.492s] DEBUG:colcon.colcon_parallel_executor.executor.parallel:run_until_complete
[0.492s] INFO:colcon.colcon_core.task.python.build:Building Python package in '/home/rokey/2_ws/src/kitchen_gui'
[0.493s] INFO:colcon.colcon_core.plugin_system:Skipping extension 'colcon_core.shell.bat': Not used on non-Windows systems
[0.494s] INFO:colcon.colcon_core.shell:Skip shell extension 'powershell' for command environment: Not usable outside of PowerShell
[0.494s] DEBUG:colcon.colcon_core.shell:Skip shell extension 'dsv' for command environment
[0.497s] INFO:colcon.colcon_ros.task.ament_python.build:Building ROS package in '/home/rokey/2_ws/src/pyqt_sql_node_test' with build type 'ament_python'
[0.497s] Level 1:colcon.colcon_core.shell:create_environment_hook('pyqt_sql_node_test', 'ament_prefix_path')
[0.497s] INFO:colcon.colcon_core.shell:Creating environment hook '/home/rokey/2_ws/src/install/pyqt_sql_node_test/share/pyqt_sql_node_test/hook/ament_prefix_path.ps1'
[0.498s] INFO:colcon.colcon_core.shell:Creating environment descriptor '/home/rokey/2_ws/src/install/pyqt_sql_node_test/share/pyqt_sql_node_test/hook/ament_prefix_path.dsv'
[0.498s] INFO:colcon.colcon_core.shell:Creating environment hook '/home/rokey/2_ws/src/install/pyqt_sql_node_test/share/pyqt_sql_node_test/hook/ament_prefix_path.sh'
[0.499s] INFO:colcon.colcon_core.shell:Skip shell extension 'powershell' for command environment: Not usable outside of PowerShell
[0.499s] DEBUG:colcon.colcon_core.shell:Skip shell extension 'dsv' for command environment
[0.501s] INFO:colcon.colcon_ros.task.ament_python.build:Building ROS package in '/home/rokey/2_ws/src/turtlebot3_communication' with build type 'ament_python'
[0.501s] Level 1:colcon.colcon_core.shell:create_environment_hook('turtlebot3_communication', 'ament_prefix_path')
[0.502s] INFO:colcon.colcon_core.shell:Creating environment hook '/home/rokey/2_ws/src/install/turtlebot3_communication/share/turtlebot3_communication/hook/ament_prefix_path.ps1'
[0.502s] INFO:colcon.colcon_core.shell:Creating environment descriptor '/home/rokey/2_ws/src/install/turtlebot3_communication/share/turtlebot3_communication/hook/ament_prefix_path.dsv'
[0.502s] INFO:colcon.colcon_core.shell:Creating environment hook '/home/rokey/2_ws/src/install/turtlebot3_communication/share/turtlebot3_communication/hook/ament_prefix_path.sh'
[0.503s] INFO:colcon.colcon_core.shell:Skip shell extension 'powershell' for command environment: Not usable outside of PowerShell
[0.503s] DEBUG:colcon.colcon_core.shell:Skip shell extension 'dsv' for command environment
[0.505s] INFO:colcon.colcon_ros.task.ament_python.build:Building ROS package in '/home/rokey/2_ws/src/user_gui' with build type 'ament_python'
[0.506s] Level 1:colcon.colcon_core.shell:create_environment_hook('user_gui', 'ament_prefix_path')
[0.506s] INFO:colcon.colcon_core.shell:Creating environment hook '/home/rokey/2_ws/src/install/user_gui/share/user_gui/hook/ament_prefix_path.ps1'
[0.506s] INFO:colcon.colcon_core.shell:Creating environment descriptor '/home/rokey/2_ws/src/install/user_gui/share/user_gui/hook/ament_prefix_path.dsv'
[0.507s] INFO:colcon.colcon_core.shell:Creating environment hook '/home/rokey/2_ws/src/install/user_gui/share/user_gui/hook/ament_prefix_path.sh'
[0.507s] INFO:colcon.colcon_core.shell:Skip shell extension 'powershell' for command environment: Not usable outside of PowerShell
[0.507s] DEBUG:colcon.colcon_core.shell:Skip shell extension 'dsv' for command environment
[0.926s] INFO:colcon.colcon_core.task.python.build:Building Python package in '/home/rokey/2_ws/src/pyqt_sql_node_test'
[0.926s] INFO:colcon.colcon_core.shell:Skip shell extension 'powershell' for command environment: Not usable outside of PowerShell
[0.926s] DEBUG:colcon.colcon_core.shell:Skip shell extension 'dsv' for command environment
[1.134s] INFO:colcon.colcon_core.task.python.build:Building Python package in '/home/rokey/2_ws/src/turtlebot3_communication'
[1.134s] INFO:colcon.colcon_core.shell:Skip shell extension 'powershell' for command environment: Not usable outside of PowerShell
[1.134s] DEBUG:colcon.colcon_core.shell:Skip shell extension 'dsv' for command environment
[1.333s] INFO:colcon.colcon_core.task.python.build:Building Python package in '/home/rokey/2_ws/src/user_gui'
[1.333s] INFO:colcon.colcon_core.shell:Skip shell extension 'powershell' for command environment: Not usable outside of PowerShell
[1.333s] DEBUG:colcon.colcon_core.shell:Skip shell extension 'dsv' for command environment
[1.339s] DEBUG:colcon.colcon_core.event_handler.log_command:Invoking command in '/home/rokey/2_ws/src/kitchen_gui': PYTHONPATH=/home/rokey/2_ws/src/build/kitchen_gui/prefix_override:/usr/lib/python3/dist-packages/colcon_core/task/python/colcon_distutils_commands:/home/rokey/2_ws/src/install/kitchen_gui/lib/python3.10/site-packages:${PYTHONPATH} /usr/bin/python3 -W ignore:setup.py install is deprecated setup.py egg_info --egg-base ../build/kitchen_gui build --build-base /home/rokey/2_ws/src/build/kitchen_gui/build install --record /home/rokey/2_ws/src/build/kitchen_gui/install.log --single-version-externally-managed install_data
[1.604s] DEBUG:colcon.colcon_core.event_handler.log_command:Invoked command in '/home/rokey/2_ws/src/kitchen_gui' returned '0': PYTHONPATH=/home/rokey/2_ws/src/build/kitchen_gui/prefix_override:/usr/lib/python3/dist-packages/colcon_core/task/python/colcon_distutils_commands:/home/rokey/2_ws/src/install/kitchen_gui/lib/python3.10/site-packages:${PYTHONPATH} /usr/bin/python3 -W ignore:setup.py install is deprecated setup.py egg_info --egg-base ../build/kitchen_gui build --build-base /home/rokey/2_ws/src/build/kitchen_gui/build install --record /home/rokey/2_ws/src/build/kitchen_gui/install.log --single-version-externally-managed install_data
[1.605s] Level 1:colcon.colcon_core.environment:checking '/home/rokey/2_ws/src/install/kitchen_gui' for CMake module files
[1.606s] Level 1:colcon.colcon_core.environment:checking '/home/rokey/2_ws/src/install/kitchen_gui' for CMake config files
[1.606s] Level 1:colcon.colcon_core.environment:checking '/home/rokey/2_ws/src/install/kitchen_gui/lib'
[1.606s] Level 1:colcon.colcon_core.environment:checking '/home/rokey/2_ws/src/install/kitchen_gui/bin'
[1.606s] Level 1:colcon.colcon_core.environment:checking '/home/rokey/2_ws/src/install/kitchen_gui/lib/pkgconfig/kitchen_gui.pc'
[1.606s] Level 1:colcon.colcon_core.environment:checking '/home/rokey/2_ws/src/install/kitchen_gui/lib/python3.10/site-packages'
[1.607s] Level 1:colcon.colcon_core.shell:create_environment_hook('kitchen_gui', 'pythonpath')
[1.607s] INFO:colcon.colcon_core.shell:Creating environment hook '/home/rokey/2_ws/src/install/kitchen_gui/share/kitchen_gui/hook/pythonpath.ps1'
[1.607s] INFO:colcon.colcon_core.shell:Creating environment descriptor '/home/rokey/2_ws/src/install/kitchen_gui/share/kitchen_gui/hook/pythonpath.dsv'
[1.607s] INFO:colcon.colcon_core.shell:Creating environment hook '/home/rokey/2_ws/src/install/kitchen_gui/share/kitchen_gui/hook/pythonpath.sh'
[1.608s] Level 1:colcon.colcon_core.environment:checking '/home/rokey/2_ws/src/install/kitchen_gui/bin'
[1.608s] Level 1:colcon.colcon_core.environment:create_environment_scripts_only(kitchen_gui)
[1.608s] INFO:colcon.colcon_core.shell:Creating package script '/home/rokey/2_ws/src/install/kitchen_gui/share/kitchen_gui/package.ps1'
[1.609s] INFO:colcon.colcon_core.shell:Creating package descriptor '/home/rokey/2_ws/src/install/kitchen_gui/share/kitchen_gui/package.dsv'
[1.609s] INFO:colcon.colcon_core.shell:Creating package script '/home/rokey/2_ws/src/install/kitchen_gui/share/kitchen_gui/package.sh'
[1.610s] INFO:colcon.colcon_core.shell:Creating package script '/home/rokey/2_ws/src/install/kitchen_gui/share/kitchen_gui/package.bash'
[1.610s] INFO:colcon.colcon_core.shell:Creating package script '/home/rokey/2_ws/src/install/kitchen_gui/share/kitchen_gui/package.zsh'
[1.611s] Level 1:colcon.colcon_core.environment:create_file_with_runtime_dependencies(/home/rokey/2_ws/src/install/kitchen_gui/share/colcon-core/packages/kitchen_gui)
[1.659s] DEBUG:colcon.colcon_core.event_handler.log_command:Invoking command in '/home/rokey/2_ws/src/pyqt_sql_node_test': PYTHONPATH=/home/rokey/2_ws/src/build/pyqt_sql_node_test/prefix_override:/usr/lib/python3/dist-packages/colcon_core/task/python/colcon_distutils_commands:/home/rokey/2_ws/src/install/pyqt_sql_node_test/lib/python3.10/site-packages:${PYTHONPATH} /usr/bin/python3 -W ignore:setup.py install is deprecated setup.py egg_info --egg-base ../build/pyqt_sql_node_test build --build-base /home/rokey/2_ws/src/build/pyqt_sql_node_test/build install --record /home/rokey/2_ws/src/build/pyqt_sql_node_test/install.log --single-version-externally-managed install_data
[1.664s] DEBUG:colcon.colcon_core.event_handler.log_command:Invoking command in '/home/rokey/2_ws/src/turtlebot3_communication': PYTHONPATH=/home/rokey/2_ws/src/build/turtlebot3_communication/prefix_override:/usr/lib/python3/dist-packages/colcon_core/task/python/colcon_distutils_commands:/home/rokey/2_ws/src/install/turtlebot3_communication/lib/python3.10/site-packages:${PYTHONPATH} /usr/bin/python3 -W ignore:setup.py install is deprecated setup.py egg_info --egg-base ../build/turtlebot3_communication build --build-base /home/rokey/2_ws/src/build/turtlebot3_communication/build install --record /home/rokey/2_ws/src/build/turtlebot3_communication/install.log --single-version-externally-managed install_data
[1.666s] DEBUG:colcon.colcon_core.event_handler.log_command:Invoking command in '/home/rokey/2_ws/src/user_gui': PYTHONPATH=/home/rokey/2_ws/src/build/user_gui/prefix_override:/usr/lib/python3/dist-packages/colcon_core/task/python/colcon_distutils_commands:/home/rokey/2_ws/src/install/user_gui/lib/python3.10/site-packages:${PYTHONPATH} /usr/bin/python3 -W ignore:setup.py install is deprecated setup.py egg_info --egg-base ../build/user_gui build --build-base /home/rokey/2_ws/src/build/user_gui/build install --record /home/rokey/2_ws/src/build/user_gui/install.log --single-version-externally-managed install_data
[1.919s] Level 1:colcon.colcon_core.environment:checking '/home/rokey/2_ws/src/install/turtlebot3_communication' for CMake module files
[1.920s] DEBUG:colcon.colcon_core.event_handler.log_command:Invoked command in '/home/rokey/2_ws/src/turtlebot3_communication' returned '0': PYTHONPATH=/home/rokey/2_ws/src/build/turtlebot3_communication/prefix_override:/usr/lib/python3/dist-packages/colcon_core/task/python/colcon_distutils_commands:/home/rokey/2_ws/src/install/turtlebot3_communication/lib/python3.10/site-packages:${PYTHONPATH} /usr/bin/python3 -W ignore:setup.py install is deprecated setup.py egg_info --egg-base ../build/turtlebot3_communication build --build-base /home/rokey/2_ws/src/build/turtlebot3_communication/build install --record /home/rokey/2_ws/src/build/turtlebot3_communication/install.log --single-version-externally-managed install_data
[1.920s] Level 1:colcon.colcon_core.environment:checking '/home/rokey/2_ws/src/install/turtlebot3_communication' for CMake config files
[1.921s] Level 1:colcon.colcon_core.environment:checking '/home/rokey/2_ws/src/install/turtlebot3_communication/lib'
[1.921s] Level 1:colcon.colcon_core.environment:checking '/home/rokey/2_ws/src/install/turtlebot3_communication/bin'
[1.921s] Level 1:colcon.colcon_core.environment:checking '/home/rokey/2_ws/src/install/turtlebot3_communication/lib/pkgconfig/turtlebot3_communication.pc'
[1.921s] Level 1:colcon.colcon_core.environment:checking '/home/rokey/2_ws/src/install/turtlebot3_communication/lib/python3.10/site-packages'
[1.921s] Level 1:colcon.colcon_core.shell:create_environment_hook('turtlebot3_communication', 'pythonpath')
[1.921s] INFO:colcon.colcon_core.shell:Creating environment hook '/home/rokey/2_ws/src/install/turtlebot3_communication/share/turtlebot3_communication/hook/pythonpath.ps1'
[1.921s] INFO:colcon.colcon_core.shell:Creating environment descriptor '/home/rokey/2_ws/src/install/turtlebot3_communication/share/turtlebot3_communication/hook/pythonpath.dsv'
[1.922s] INFO:colcon.colcon_core.shell:Creating environment hook '/home/rokey/2_ws/src/install/turtlebot3_communication/share/turtlebot3_communication/hook/pythonpath.sh'
[1.922s] Level 1:colcon.colcon_core.environment:checking '/home/rokey/2_ws/src/install/turtlebot3_communication/bin'
[1.922s] Level 1:colcon.colcon_core.environment:create_environment_scripts_only(turtlebot3_communication)
[1.922s] INFO:colcon.colcon_core.shell:Creating package script '/home/rokey/2_ws/src/install/turtlebot3_communication/share/turtlebot3_communication/package.ps1'
[1.923s] INFO:colcon.colcon_core.shell:Creating package descriptor '/home/rokey/2_ws/src/install/turtlebot3_communication/share/turtlebot3_communication/package.dsv'
[1.923s] INFO:colcon.colcon_core.shell:Creating package script '/home/rokey/2_ws/src/install/turtlebot3_communication/share/turtlebot3_communication/package.sh'
[1.923s] INFO:colcon.colcon_core.shell:Creating package script '/home/rokey/2_ws/src/install/turtlebot3_communication/share/turtlebot3_communication/package.bash'
[1.923s] INFO:colcon.colcon_core.shell:Creating package script '/home/rokey/2_ws/src/install/turtlebot3_communication/share/turtlebot3_communication/package.zsh'
[1.924s] Level 1:colcon.colcon_core.environment:create_file_with_runtime_dependencies(/home/rokey/2_ws/src/install/turtlebot3_communication/share/colcon-core/packages/turtlebot3_communication)
[1.925s] Level 1:colcon.colcon_core.environment:checking '/home/rokey/2_ws/src/install/pyqt_sql_node_test' for CMake module files
[1.925s] DEBUG:colcon.colcon_core.event_handler.log_command:Invoked command in '/home/rokey/2_ws/src/pyqt_sql_node_test' returned '0': PYTHONPATH=/home/rokey/2_ws/src/build/pyqt_sql_node_test/prefix_override:/usr/lib/python3/dist-packages/colcon_core/task/python/colcon_distutils_commands:/home/rokey/2_ws/src/install/pyqt_sql_node_test/lib/python3.10/site-packages:${PYTHONPATH} /usr/bin/python3 -W ignore:setup.py install is deprecated setup.py egg_info --egg-base ../build/pyqt_sql_node_test build --build-base /home/rokey/2_ws/src/build/pyqt_sql_node_test/build install --record /home/rokey/2_ws/src/build/pyqt_sql_node_test/install.log --single-version-externally-managed install_data
[1.926s] Level 1:colcon.colcon_core.environment:checking '/home/rokey/2_ws/src/install/pyqt_sql_node_test' for CMake config files
[1.926s] Level 1:colcon.colcon_core.environment:checking '/home/rokey/2_ws/src/install/pyqt_sql_node_test/lib'
[1.926s] Level 1:colcon.colcon_core.environment:checking '/home/rokey/2_ws/src/install/pyqt_sql_node_test/bin'
[1.926s] Level 1:colcon.colcon_core.environment:checking '/home/rokey/2_ws/src/install/pyqt_sql_node_test/lib/pkgconfig/pyqt_sql_node_test.pc'
[1.926s] Level 1:colcon.colcon_core.environment:checking '/home/rokey/2_ws/src/install/pyqt_sql_node_test/lib/python3.10/site-packages'
[1.926s] Level 1:colcon.colcon_core.shell:create_environment_hook('pyqt_sql_node_test', 'pythonpath')
[1.926s] INFO:colcon.colcon_core.shell:Creating environment hook '/home/rokey/2_ws/src/install/pyqt_sql_node_test/share/pyqt_sql_node_test/hook/pythonpath.ps1'
[1.927s] INFO:colcon.colcon_core.shell:Creating environment descriptor '/home/rokey/2_ws/src/install/pyqt_sql_node_test/share/pyqt_sql_node_test/hook/pythonpath.dsv'
[1.927s] INFO:colcon.colcon_core.shell:Creating environment hook '/home/rokey/2_ws/src/install/pyqt_sql_node_test/share/pyqt_sql_node_test/hook/pythonpath.sh'
[1.927s] Level 1:colcon.colcon_core.environment:checking '/home/rokey/2_ws/src/install/pyqt_sql_node_test/bin'
[1.927s] Level 1:colcon.colcon_core.environment:create_environment_scripts_only(pyqt_sql_node_test)
[1.927s] INFO:colcon.colcon_core.shell:Creating package script '/home/rokey/2_ws/src/install/pyqt_sql_node_test/share/pyqt_sql_node_test/package.ps1'
[1.928s] INFO:colcon.colcon_core.shell:Creating package descriptor '/home/rokey/2_ws/src/install/pyqt_sql_node_test/share/pyqt_sql_node_test/package.dsv'
[1.928s] INFO:colcon.colcon_core.shell:Creating package script '/home/rokey/2_ws/src/install/pyqt_sql_node_test/share/pyqt_sql_node_test/package.sh'
[1.928s] INFO:colcon.colcon_core.shell:Creating package script '/home/rokey/2_ws/src/install/pyqt_sql_node_test/share/pyqt_sql_node_test/package.bash'
[1.928s] INFO:colcon.colcon_core.shell:Creating package script '/home/rokey/2_ws/src/install/pyqt_sql_node_test/share/pyqt_sql_node_test/package.zsh'
[1.929s] Level 1:colcon.colcon_core.environment:create_file_with_runtime_dependencies(/home/rokey/2_ws/src/install/pyqt_sql_node_test/share/colcon-core/packages/pyqt_sql_node_test)
[1.930s] Level 1:colcon.colcon_core.environment:checking '/home/rokey/2_ws/src/install/user_gui' for CMake module files
[1.930s] DEBUG:colcon.colcon_core.event_handler.log_command:Invoked command in '/home/rokey/2_ws/src/user_gui' returned '0': PYTHONPATH=/home/rokey/2_ws/src/build/user_gui/prefix_override:/usr/lib/python3/dist-packages/colcon_core/task/python/colcon_distutils_commands:/home/rokey/2_ws/src/install/user_gui/lib/python3.10/site-packages:${PYTHONPATH} /usr/bin/python3 -W ignore:setup.py install is deprecated setup.py egg_info --egg-base ../build/user_gui build --build-base /home/rokey/2_ws/src/build/user_gui/build install --record /home/rokey/2_ws/src/build/user_gui/install.log --single-version-externally-managed install_data
[1.930s] Level 1:colcon.colcon_core.environment:checking '/home/rokey/2_ws/src/install/user_gui' for CMake config files
[1.931s] Level 1:colcon.colcon_core.environment:checking '/home/rokey/2_ws/src/install/user_gui/lib'
[1.931s] Level 1:colcon.colcon_core.environment:checking '/home/rokey/2_ws/src/install/user_gui/bin'
[1.931s] Level 1:colcon.colcon_core.environment:checking '/home/rokey/2_ws/src/install/user_gui/lib/pkgconfig/user_gui.pc'
[1.931s] Level 1:colcon.colcon_core.environment:checking '/home/rokey/2_ws/src/install/user_gui/lib/python3.10/site-packages'
[1.931s] Level 1:colcon.colcon_core.shell:create_environment_hook('user_gui', 'pythonpath')
[1.931s] INFO:colcon.colcon_core.shell:Creating environment hook '/home/rokey/2_ws/src/install/user_gui/share/user_gui/hook/pythonpath.ps1'
[1.931s] INFO:colcon.colcon_core.shell:Creating environment descriptor '/home/rokey/2_ws/src/install/user_gui/share/user_gui/hook/pythonpath.dsv'
[1.932s] INFO:colcon.colcon_core.shell:Creating environment hook '/home/rokey/2_ws/src/install/user_gui/share/user_gui/hook/pythonpath.sh'
[1.932s] Level 1:colcon.colcon_core.environment:checking '/home/rokey/2_ws/src/install/user_gui/bin'
[1.932s] Level 1:colcon.colcon_core.environment:create_environment_scripts_only(user_gui)
[1.932s] INFO:colcon.colcon_core.shell:Creating package script '/home/rokey/2_ws/src/install/user_gui/share/user_gui/package.ps1'
[1.933s] INFO:colcon.colcon_core.shell:Creating package descriptor '/home/rokey/2_ws/src/install/user_gui/share/user_gui/package.dsv'
[1.933s] INFO:colcon.colcon_core.shell:Creating package script '/home/rokey/2_ws/src/install/user_gui/share/user_gui/package.sh'
[1.933s] INFO:colcon.colcon_core.shell:Creating package script '/home/rokey/2_ws/src/install/user_gui/share/user_gui/package.bash'
[1.933s] INFO:colcon.colcon_core.shell:Creating package script '/home/rokey/2_ws/src/install/user_gui/share/user_gui/package.zsh'
[1.933s] Level 1:colcon.colcon_core.environment:create_file_with_runtime_dependencies(/home/rokey/2_ws/src/install/user_gui/share/colcon-core/packages/user_gui)
[1.934s] DEBUG:colcon.colcon_parallel_executor.executor.parallel:closing loop
[1.934s] DEBUG:colcon.colcon_parallel_executor.executor.parallel:loop closed
[1.934s] DEBUG:colcon.colcon_parallel_executor.executor.parallel:run_until_complete finished with '0'
[1.934s] DEBUG:colcon.colcon_core.event_reactor:joining thread
[1.938s] INFO:colcon.colcon_core.plugin_system:Skipping extension 'colcon_notification.desktop_notification.terminal_notifier': Not used on non-Darwin systems
[1.938s] INFO:colcon.colcon_core.plugin_system:Skipping extension 'colcon_notification.desktop_notification.win32': Not used on non-Windows systems
[1.938s] INFO:colcon.colcon_notification.desktop_notification:Sending desktop notification using 'notify2'
[1.946s] DEBUG:colcon.colcon_core.event_reactor:joined thread
[1.946s] INFO:colcon.colcon_core.shell:Creating prefix script '/home/rokey/2_ws/src/install/local_setup.ps1'
[1.947s] INFO:colcon.colcon_core.shell:Creating prefix util module '/home/rokey/2_ws/src/install/_local_setup_util_ps1.py'
[1.948s] INFO:colcon.colcon_core.shell:Creating prefix chain script '/home/rokey/2_ws/src/install/setup.ps1'
[1.949s] INFO:colcon.colcon_core.shell:Creating prefix script '/home/rokey/2_ws/src/install/local_setup.sh'
[1.949s] INFO:colcon.colcon_core.shell:Creating prefix util module '/home/rokey/2_ws/src/install/_local_setup_util_sh.py'
[1.949s] INFO:colcon.colcon_core.shell:Creating prefix chain script '/home/rokey/2_ws/src/install/setup.sh'
[1.950s] INFO:colcon.colcon_core.shell:Creating prefix script '/home/rokey/2_ws/src/install/local_setup.bash'
[1.951s] INFO:colcon.colcon_core.shell:Creating prefix chain script '/home/rokey/2_ws/src/install/setup.bash'
[1.952s] INFO:colcon.colcon_core.shell:Creating prefix script '/home/rokey/2_ws/src/install/local_setup.zsh'
[1.952s] INFO:colcon.colcon_core.shell:Creating prefix chain script '/home/rokey/2_ws/src/install/setup.zsh'
